2014-08-18 11:27:48 Error: [MissingActionException] Action ProfilesController::admin() could not be found.
Exception Attributes: array (
  'controller' => 'ProfilesController',
  'action' => 'admin',
)
Request URL: /helpscout/profiles/admin
Stack Trace:
#0 /var/www/helpscout/lib/Cake/Routing/Dispatcher.php(191): Controller->invokeAction(Object(CakeRequest))
#1 /var/www/helpscout/lib/Cake/Routing/Dispatcher.php(165): Dispatcher->_invoke(Object(ProfilesController), Object(CakeRequest))
#2 /var/www/helpscout/app/webroot/index.php(108): Dispatcher->dispatch(Object(CakeRequest), Object(CakeResponse))
#3 {main}
2014-08-18 11:27:58 Error: [PDOException] SQLSTATE[42S22]: Column not found: 1054 Unknown column 'Profile.id' in 'where clause'
Request URL: /helpscout/profiles/update/7
Stack Trace:
#0 /var/www/helpscout/lib/Cake/Model/Datasource/DboSource.php(458): PDOStatement->execute(Array)
#1 /var/www/helpscout/lib/Cake/Model/Datasource/DboSource.php(424): DboSource->_execute('SELECT COUNT(*)...', Array)
#2 /var/www/helpscout/lib/Cake/Model/Datasource/DboSource.php(666): DboSource->execute('SELECT COUNT(*)...', Array, Array)
#3 /var/www/helpscout/lib/Cake/Model/Datasource/DboSource.php(1106): DboSource->fetchAll('SELECT COUNT(*)...', false)
#4 /var/www/helpscout/lib/Cake/Model/Model.php(2921): DboSource->read(Object(AppModel), Array)
#5 /var/www/helpscout/lib/Cake/Model/Model.php(2893): Model->_readDataSource('count', Array)
#6 /var/www/helpscout/lib/Cake/Model/Model.php(2803): Model->find('count', Array)
#7 /var/www/helpscout/lib/Cake/Model/Model.php(1743): Model->exists()
#8 /var/www/helpscout/app/Controller/ProfilesController.php(31): Model->save(Array)
#9 [internal function]: ProfilesController->update('7')
#10 /var/www/helpscout/lib/Cake/Controller/Controller.php(490): ReflectionMethod->invokeArgs(Object(ProfilesController), Array)
#11 /var/www/helpscout/lib/Cake/Routing/Dispatcher.php(191): Controller->invokeAction(Object(CakeRequest))
#12 /var/www/helpscout/lib/Cake/Routing/Dispatcher.php(165): Dispatcher->_invoke(Object(ProfilesController), Object(CakeRequest))
#13 /var/www/helpscout/app/webroot/index.php(108): Dispatcher->dispatch(Object(CakeRequest), Object(CakeResponse))
#14 {main}
2014-08-18 11:29:31 Error: [PDOException] SQLSTATE[42S22]: Column not found: 1054 Unknown column 'Profile.id' in 'where clause'
Request URL: /helpscout/profiles/update/11
Stack Trace:
#0 /var/www/helpscout/lib/Cake/Model/Datasource/DboSource.php(458): PDOStatement->execute(Array)
#1 /var/www/helpscout/lib/Cake/Model/Datasource/DboSource.php(424): DboSource->_execute('SELECT COUNT(*)...', Array)
#2 /var/www/helpscout/lib/Cake/Model/Datasource/DboSource.php(666): DboSource->execute('SELECT COUNT(*)...', Array, Array)
#3 /var/www/helpscout/lib/Cake/Model/Datasource/DboSource.php(1106): DboSource->fetchAll('SELECT COUNT(*)...', false)
#4 /var/www/helpscout/lib/Cake/Model/Model.php(2921): DboSource->read(Object(AppModel), Array)
#5 /var/www/helpscout/lib/Cake/Model/Model.php(2893): Model->_readDataSource('count', Array)
#6 /var/www/helpscout/lib/Cake/Model/Model.php(2803): Model->find('count', Array)
#7 /var/www/helpscout/lib/Cake/Model/Model.php(1743): Model->exists()
#8 /var/www/helpscout/app/Controller/ProfilesController.php(31): Model->save(Array)
#9 [internal function]: ProfilesController->update('11')
#10 /var/www/helpscout/lib/Cake/Controller/Controller.php(490): ReflectionMethod->invokeArgs(Object(ProfilesController), Array)
#11 /var/www/helpscout/lib/Cake/Routing/Dispatcher.php(191): Controller->invokeAction(Object(CakeRequest))
#12 /var/www/helpscout/lib/Cake/Routing/Dispatcher.php(165): Dispatcher->_invoke(Object(ProfilesController), Object(CakeRequest))
#13 /var/www/helpscout/app/webroot/index.php(108): Dispatcher->dispatch(Object(CakeRequest), Object(CakeResponse))
#14 {main}
2014-08-18 11:29:51 Error: [PDOException] SQLSTATE[42S22]: Column not found: 1054 Unknown column 'Profile.id' in 'where clause'
Request URL: /helpscout/profiles/update/11
Stack Trace:
#0 /var/www/helpscout/lib/Cake/Model/Datasource/DboSource.php(458): PDOStatement->execute(Array)
#1 /var/www/helpscout/lib/Cake/Model/Datasource/DboSource.php(424): DboSource->_execute('SELECT COUNT(*)...', Array)
#2 /var/www/helpscout/lib/Cake/Model/Datasource/DboSource.php(666): DboSource->execute('SELECT COUNT(*)...', Array, Array)
#3 /var/www/helpscout/lib/Cake/Model/Datasource/DboSource.php(1106): DboSource->fetchAll('SELECT COUNT(*)...', false)
#4 /var/www/helpscout/lib/Cake/Model/Model.php(2921): DboSource->read(Object(AppModel), Array)
#5 /var/www/helpscout/lib/Cake/Model/Model.php(2893): Model->_readDataSource('count', Array)
#6 /var/www/helpscout/lib/Cake/Model/Model.php(2803): Model->find('count', Array)
#7 /var/www/helpscout/lib/Cake/Model/Model.php(1743): Model->exists()
#8 /var/www/helpscout/app/Controller/ProfilesController.php(31): Model->save(Array)
#9 [internal function]: ProfilesController->update('11')
#10 /var/www/helpscout/lib/Cake/Controller/Controller.php(490): ReflectionMethod->invokeArgs(Object(ProfilesController), Array)
#11 /var/www/helpscout/lib/Cake/Routing/Dispatcher.php(191): Controller->invokeAction(Object(CakeRequest))
#12 /var/www/helpscout/lib/Cake/Routing/Dispatcher.php(165): Dispatcher->_invoke(Object(ProfilesController), Object(CakeRequest))
#13 /var/www/helpscout/app/webroot/index.php(108): Dispatcher->dispatch(Object(CakeRequest), Object(CakeResponse))
#14 {main}
2014-08-18 11:35:38 Error: Fatal Error (1): Call to a member function findById() on a non-object in [/var/www/helpscout/app/Controller/ProfilesController.php, line 31]
2014-08-18 11:35:38 Error: [FatalErrorException] Call to a member function findById() on a non-object
Request URL: /helpscout/profiles/update/11
Stack Trace:
#0 /var/www/helpscout/lib/Cake/Error/ErrorHandler.php(203): ErrorHandler::handleFatalError(1, 'Call to a membe...', '/var/www/helpsc...', 31)
#1 [internal function]: ErrorHandler::handleError(1, 'Call to a membe...', '/var/www/helpsc...', 31, Array)
#2 /var/www/helpscout/lib/Cake/Core/App.php(931): call_user_func('ErrorHandler::h...', 1, 'Call to a membe...', '/var/www/helpsc...', 31, Array)
#3 /var/www/helpscout/lib/Cake/Core/App.php(904): App::_checkFatalError()
#4 [internal function]: App::shutdown()
#5 {main}
2014-08-18 11:36:01 Error: Fatal Error (1): Call to a member function findById() on a non-object in [/var/www/helpscout/app/Controller/ProfilesController.php, line 31]
2014-08-18 11:36:01 Error: [FatalErrorException] Call to a member function findById() on a non-object
Request URL: /helpscout/profiles/update/11
Stack Trace:
#0 /var/www/helpscout/lib/Cake/Error/ErrorHandler.php(203): ErrorHandler::handleFatalError(1, 'Call to a membe...', '/var/www/helpsc...', 31)
#1 [internal function]: ErrorHandler::handleError(1, 'Call to a membe...', '/var/www/helpsc...', 31, Array)
#2 /var/www/helpscout/lib/Cake/Core/App.php(931): call_user_func('ErrorHandler::h...', 1, 'Call to a membe...', '/var/www/helpsc...', 31, Array)
#3 /var/www/helpscout/lib/Cake/Core/App.php(904): App::_checkFatalError()
#4 [internal function]: App::shutdown()
#5 {main}
2014-08-18 11:36:39 Error: Fatal Error (1): Call to a member function findById() on a non-object in [/var/www/helpscout/app/Controller/ProfilesController.php, line 32]
2014-08-18 11:36:39 Error: [FatalErrorException] Call to a member function findById() on a non-object
Request URL: /helpscout/profiles/update/11
Stack Trace:
#0 /var/www/helpscout/lib/Cake/Error/ErrorHandler.php(203): ErrorHandler::handleFatalError(1, 'Call to a membe...', '/var/www/helpsc...', 32)
#1 [internal function]: ErrorHandler::handleError(1, 'Call to a membe...', '/var/www/helpsc...', 32, Array)
#2 /var/www/helpscout/lib/Cake/Core/App.php(931): call_user_func('ErrorHandler::h...', 1, 'Call to a membe...', '/var/www/helpsc...', 32, Array)
#3 /var/www/helpscout/lib/Cake/Core/App.php(904): App::_checkFatalError()
#4 [internal function]: App::shutdown()
#5 {main}
2014-08-18 11:36:50 Error: [PDOException] SQLSTATE[42S22]: Column not found: 1054 Unknown column 'Profile.id' in 'where clause'
Request URL: /helpscout/profiles/update/11
Stack Trace:
#0 /var/www/helpscout/lib/Cake/Model/Datasource/DboSource.php(458): PDOStatement->execute(Array)
#1 /var/www/helpscout/lib/Cake/Model/Datasource/DboSource.php(424): DboSource->_execute('SELECT `Profile...', Array)
#2 /var/www/helpscout/lib/Cake/Model/Datasource/DboSource.php(666): DboSource->execute('SELECT `Profile...', Array, Array)
#3 /var/www/helpscout/lib/Cake/Model/Datasource/DboSource.php(1106): DboSource->fetchAll('SELECT `Profile...', false)
#4 /var/www/helpscout/lib/Cake/Model/Model.php(2921): DboSource->read(Object(AppModel), Array)
#5 /var/www/helpscout/lib/Cake/Model/Model.php(2893): Model->_readDataSource('first', Array)
#6 /var/www/helpscout/lib/Cake/Model/Datasource/DboSource.php(597): Model->find('first', Array)
#7 /var/www/helpscout/lib/Cake/Model/Model.php(808): DboSource->query('findById', Array, Object(AppModel))
#8 /var/www/helpscout/app/Controller/ProfilesController.php(32): Model->__call('findById', Array)
#9 /var/www/helpscout/app/Controller/ProfilesController.php(32): AppModel->findById('11')
#10 [internal function]: ProfilesController->update('11')
#11 /var/www/helpscout/lib/Cake/Controller/Controller.php(490): ReflectionMethod->invokeArgs(Object(ProfilesController), Array)
#12 /var/www/helpscout/lib/Cake/Routing/Dispatcher.php(191): Controller->invokeAction(Object(CakeRequest))
#13 /var/www/helpscout/lib/Cake/Routing/Dispatcher.php(165): Dispatcher->_invoke(Object(ProfilesController), Object(CakeRequest))
#14 /var/www/helpscout/app/webroot/index.php(108): Dispatcher->dispatch(Object(CakeRequest), Object(CakeResponse))
#15 {main}
2014-08-18 11:37:10 Error: [PDOException] SQLSTATE[42S22]: Column not found: 1054 Unknown column 'Profile.id' in 'where clause'
Request URL: /helpscout/profiles/update/11
Stack Trace:
#0 /var/www/helpscout/lib/Cake/Model/Datasource/DboSource.php(458): PDOStatement->execute(Array)
#1 /var/www/helpscout/lib/Cake/Model/Datasource/DboSource.php(424): DboSource->_execute('SELECT COUNT(*)...', Array)
#2 /var/www/helpscout/lib/Cake/Model/Datasource/DboSource.php(666): DboSource->execute('SELECT COUNT(*)...', Array, Array)
#3 /var/www/helpscout/lib/Cake/Model/Datasource/DboSource.php(1106): DboSource->fetchAll('SELECT COUNT(*)...', false)
#4 /var/www/helpscout/lib/Cake/Model/Model.php(2921): DboSource->read(Object(AppModel), Array)
#5 /var/www/helpscout/lib/Cake/Model/Model.php(2893): Model->_readDataSource('count', Array)
#6 /var/www/helpscout/lib/Cake/Model/Model.php(2803): Model->find('count', Array)
#7 /var/www/helpscout/lib/Cake/Model/Model.php(1743): Model->exists()
#8 /var/www/helpscout/app/Controller/ProfilesController.php(33): Model->save(Array)
#9 [internal function]: ProfilesController->update('11')
#10 /var/www/helpscout/lib/Cake/Controller/Controller.php(490): ReflectionMethod->invokeArgs(Object(ProfilesController), Array)
#11 /var/www/helpscout/lib/Cake/Routing/Dispatcher.php(191): Controller->invokeAction(Object(CakeRequest))
#12 /var/www/helpscout/lib/Cake/Routing/Dispatcher.php(165): Dispatcher->_invoke(Object(ProfilesController), Object(CakeRequest))
#13 /var/www/helpscout/app/webroot/index.php(108): Dispatcher->dispatch(Object(CakeRequest), Object(CakeResponse))
#14 {main}
2014-08-18 11:41:17 Error: [PDOException] SQLSTATE[23000]: Integrity constraint violation: 1062 Duplicate entry '11' for key 'PRIMARY'
Request URL: /helpscout/profiles/update/11
Stack Trace:
#0 /var/www/helpscout/lib/Cake/Model/Datasource/DboSource.php(458): PDOStatement->execute(Array)
#1 /var/www/helpscout/lib/Cake/Model/Datasource/DboSource.php(424): DboSource->_execute('INSERT INTO `he...', Array)
#2 /var/www/helpscout/lib/Cake/Model/Datasource/DboSource.php(1012): DboSource->execute('INSERT INTO `he...')
#3 /var/www/helpscout/lib/Cake/Model/Model.php(1850): DboSource->create(Object(AppModel), Array, Array)
#4 /var/www/helpscout/app/Controller/ProfilesController.php(33): Model->save(Array)
#5 [internal function]: ProfilesController->update('11')
#6 /var/www/helpscout/lib/Cake/Controller/Controller.php(490): ReflectionMethod->invokeArgs(Object(ProfilesController), Array)
#7 /var/www/helpscout/lib/Cake/Routing/Dispatcher.php(191): Controller->invokeAction(Object(CakeRequest))
#8 /var/www/helpscout/lib/Cake/Routing/Dispatcher.php(165): Dispatcher->_invoke(Object(ProfilesController), Object(CakeRequest))
#9 /var/www/helpscout/app/webroot/index.php(108): Dispatcher->dispatch(Object(CakeRequest), Object(CakeResponse))
#10 {main}
2014-08-18 11:43:36 Error: [PDOException] SQLSTATE[42S22]: Column not found: 1054 Unknown column 'Profile.id' in 'where clause'
Request URL: /helpscout/profiles/update/11
Stack Trace:
#0 /var/www/helpscout/lib/Cake/Model/Datasource/DboSource.php(458): PDOStatement->execute(Array)
#1 /var/www/helpscout/lib/Cake/Model/Datasource/DboSource.php(424): DboSource->_execute('SELECT COUNT(*)...', Array)
#2 /var/www/helpscout/lib/Cake/Model/Datasource/DboSource.php(666): DboSource->execute('SELECT COUNT(*)...', Array, Array)
#3 /var/www/helpscout/lib/Cake/Model/Datasource/DboSource.php(1106): DboSource->fetchAll('SELECT COUNT(*)...', false)
#4 /var/www/helpscout/lib/Cake/Model/Model.php(2921): DboSource->read(Object(AppModel), Array)
#5 /var/www/helpscout/lib/Cake/Model/Model.php(2893): Model->_readDataSource('count', Array)
#6 /var/www/helpscout/lib/Cake/Model/Model.php(2803): Model->find('count', Array)
#7 /var/www/helpscout/lib/Cake/Model/Model.php(1743): Model->exists()
#8 /var/www/helpscout/app/Controller/ProfilesController.php(35): Model->save(Array)
#9 [internal function]: ProfilesController->update('11')
#10 /var/www/helpscout/lib/Cake/Controller/Controller.php(490): ReflectionMethod->invokeArgs(Object(ProfilesController), Array)
#11 /var/www/helpscout/lib/Cake/Routing/Dispatcher.php(191): Controller->invokeAction(Object(CakeRequest))
#12 /var/www/helpscout/lib/Cake/Routing/Dispatcher.php(165): Dispatcher->_invoke(Object(ProfilesController), Object(CakeRequest))
#13 /var/www/helpscout/app/webroot/index.php(108): Dispatcher->dispatch(Object(CakeRequest), Object(CakeResponse))
#14 {main}
2014-08-18 11:46:03 Error: [PDOException] SQLSTATE[42S22]: Column not found: 1054 Unknown column 'Profile.id' in 'where clause'
Request URL: /helpscout/profiles/update/11
Stack Trace:
#0 /var/www/helpscout/lib/Cake/Model/Datasource/DboSource.php(458): PDOStatement->execute(Array)
#1 /var/www/helpscout/lib/Cake/Model/Datasource/DboSource.php(424): DboSource->_execute('SELECT COUNT(*)...', Array)
#2 /var/www/helpscout/lib/Cake/Model/Datasource/DboSource.php(666): DboSource->execute('SELECT COUNT(*)...', Array, Array)
#3 /var/www/helpscout/lib/Cake/Model/Datasource/DboSource.php(1106): DboSource->fetchAll('SELECT COUNT(*)...', false)
#4 /var/www/helpscout/lib/Cake/Model/Model.php(2921): DboSource->read(Object(AppModel), Array)
#5 /var/www/helpscout/lib/Cake/Model/Model.php(2893): Model->_readDataSource('count', Array)
#6 /var/www/helpscout/lib/Cake/Model/Model.php(2803): Model->find('count', Array)
#7 /var/www/helpscout/lib/Cake/Model/Model.php(1743): Model->exists()
#8 /var/www/helpscout/app/Controller/ProfilesController.php(39): Model->save(Array)
#9 [internal function]: ProfilesController->update('11')
#10 /var/www/helpscout/lib/Cake/Controller/Controller.php(490): ReflectionMethod->invokeArgs(Object(ProfilesController), Array)
#11 /var/www/helpscout/lib/Cake/Routing/Dispatcher.php(191): Controller->invokeAction(Object(CakeRequest))
#12 /var/www/helpscout/lib/Cake/Routing/Dispatcher.php(165): Dispatcher->_invoke(Object(ProfilesController), Object(CakeRequest))
#13 /var/www/helpscout/app/webroot/index.php(108): Dispatcher->dispatch(Object(CakeRequest), Object(CakeResponse))
#14 {main}
2014-08-18 11:48:29 Error: Fatal Error (4): syntax error, unexpected ')' in [/var/www/helpscout/app/Controller/ProfilesController.php, line 35]
2014-08-18 11:48:29 Error: [FatalErrorException] syntax error, unexpected ')'
Request URL: /helpscout/profiles/update/11
Stack Trace:
#0 /var/www/helpscout/lib/Cake/Error/ErrorHandler.php(203): ErrorHandler::handleFatalError(4, 'syntax error, u...', '/var/www/helpsc...', 35)
#1 [internal function]: ErrorHandler::handleError(4, 'syntax error, u...', '/var/www/helpsc...', 35, Array)
#2 /var/www/helpscout/lib/Cake/Core/App.php(931): call_user_func('ErrorHandler::h...', 4, 'syntax error, u...', '/var/www/helpsc...', 35, Array)
#3 /var/www/helpscout/lib/Cake/Core/App.php(904): App::_checkFatalError()
#4 [internal function]: App::shutdown()
#5 {main}
2014-08-18 11:48:44 Error: [PDOException] SQLSTATE[23000]: Integrity constraint violation: 1062 Duplicate entry '11' for key 'PRIMARY'
Request URL: /helpscout/profiles/update/11
Stack Trace:
#0 /var/www/helpscout/lib/Cake/Model/Datasource/DboSource.php(458): PDOStatement->execute(Array)
#1 /var/www/helpscout/lib/Cake/Model/Datasource/DboSource.php(424): DboSource->_execute('INSERT INTO `he...', Array)
#2 /var/www/helpscout/lib/Cake/Model/Datasource/DboSource.php(1012): DboSource->execute('INSERT INTO `he...')
#3 /var/www/helpscout/lib/Cake/Model/Model.php(1850): DboSource->create(Object(AppModel), Array, Array)
#4 /var/www/helpscout/app/Controller/ProfilesController.php(33): Model->save(Array, Array)
#5 [internal function]: ProfilesController->update('11')
#6 /var/www/helpscout/lib/Cake/Controller/Controller.php(490): ReflectionMethod->invokeArgs(Object(ProfilesController), Array)
#7 /var/www/helpscout/lib/Cake/Routing/Dispatcher.php(191): Controller->invokeAction(Object(CakeRequest))
#8 /var/www/helpscout/lib/Cake/Routing/Dispatcher.php(165): Dispatcher->_invoke(Object(ProfilesController), Object(CakeRequest))
#9 /var/www/helpscout/app/webroot/index.php(108): Dispatcher->dispatch(Object(CakeRequest), Object(CakeResponse))
#10 {main}
2014-08-18 11:51:48 Error: [PDOException] SQLSTATE[42S22]: Column not found: 1054 Unknown column 'Profile.id' in 'where clause'
Request URL: /helpscout/profiles/update/11
Stack Trace:
#0 /var/www/helpscout/lib/Cake/Model/Datasource/DboSource.php(458): PDOStatement->execute(Array)
#1 /var/www/helpscout/lib/Cake/Model/Datasource/DboSource.php(424): DboSource->_execute('SELECT COUNT(*)...', Array)
#2 /var/www/helpscout/lib/Cake/Model/Datasource/DboSource.php(666): DboSource->execute('SELECT COUNT(*)...', Array, Array)
#3 /var/www/helpscout/lib/Cake/Model/Datasource/DboSource.php(1106): DboSource->fetchAll('SELECT COUNT(*)...', false)
#4 /var/www/helpscout/lib/Cake/Model/Model.php(2921): DboSource->read(Object(AppModel), Array)
#5 /var/www/helpscout/lib/Cake/Model/Model.php(2893): Model->_readDataSource('count', Array)
#6 /var/www/helpscout/lib/Cake/Model/Model.php(2803): Model->find('count', Array)
#7 /var/www/helpscout/lib/Cake/Model/Model.php(1743): Model->exists()
#8 /var/www/helpscout/app/Controller/ProfilesController.php(35): Model->save(Array)
#9 [internal function]: ProfilesController->update('11')
#10 /var/www/helpscout/lib/Cake/Controller/Controller.php(490): ReflectionMethod->invokeArgs(Object(ProfilesController), Array)
#11 /var/www/helpscout/lib/Cake/Routing/Dispatcher.php(191): Controller->invokeAction(Object(CakeRequest))
#12 /var/www/helpscout/lib/Cake/Routing/Dispatcher.php(165): Dispatcher->_invoke(Object(ProfilesController), Object(CakeRequest))
#13 /var/www/helpscout/app/webroot/index.php(108): Dispatcher->dispatch(Object(CakeRequest), Object(CakeResponse))
#14 {main}
2014-08-18 11:52:15 Error: [PDOException] SQLSTATE[42S22]: Column not found: 1054 Unknown column 'Profile.id' in 'where clause'
Request URL: /helpscout/profiles/update/11
Stack Trace:
#0 /var/www/helpscout/lib/Cake/Model/Datasource/DboSource.php(458): PDOStatement->execute(Array)
#1 /var/www/helpscout/lib/Cake/Model/Datasource/DboSource.php(424): DboSource->_execute('SELECT COUNT(*)...', Array)
#2 /var/www/helpscout/lib/Cake/Model/Datasource/DboSource.php(666): DboSource->execute('SELECT COUNT(*)...', Array, Array)
#3 /var/www/helpscout/lib/Cake/Model/Datasource/DboSource.php(1106): DboSource->fetchAll('SELECT COUNT(*)...', false)
#4 /var/www/helpscout/lib/Cake/Model/Model.php(2921): DboSource->read(Object(AppModel), Array)
#5 /var/www/helpscout/lib/Cake/Model/Model.php(2893): Model->_readDataSource('count', Array)
#6 /var/www/helpscout/lib/Cake/Model/Model.php(2803): Model->find('count', Array)
#7 /var/www/helpscout/lib/Cake/Model/Model.php(1743): Model->exists()
#8 /var/www/helpscout/app/Controller/ProfilesController.php(35): Model->save(Array)
#9 [internal function]: ProfilesController->update('11')
#10 /var/www/helpscout/lib/Cake/Controller/Controller.php(490): ReflectionMethod->invokeArgs(Object(ProfilesController), Array)
#11 /var/www/helpscout/lib/Cake/Routing/Dispatcher.php(191): Controller->invokeAction(Object(CakeRequest))
#12 /var/www/helpscout/lib/Cake/Routing/Dispatcher.php(165): Dispatcher->_invoke(Object(ProfilesController), Object(CakeRequest))
#13 /var/www/helpscout/app/webroot/index.php(108): Dispatcher->dispatch(Object(CakeRequest), Object(CakeResponse))
#14 {main}
2014-08-18 11:53:04 Error: [PDOException] SQLSTATE[42S22]: Column not found: 1054 Unknown column 'Profile.id' in 'where clause'
Request URL: /helpscout/profiles/update/11
Stack Trace:
#0 /var/www/helpscout/lib/Cake/Model/Datasource/DboSource.php(458): PDOStatement->execute(Array)
#1 /var/www/helpscout/lib/Cake/Model/Datasource/DboSource.php(424): DboSource->_execute('SELECT COUNT(*)...', Array)
#2 /var/www/helpscout/lib/Cake/Model/Datasource/DboSource.php(666): DboSource->execute('SELECT COUNT(*)...', Array, Array)
#3 /var/www/helpscout/lib/Cake/Model/Datasource/DboSource.php(1106): DboSource->fetchAll('SELECT COUNT(*)...', false)
#4 /var/www/helpscout/lib/Cake/Model/Model.php(2921): DboSource->read(Object(AppModel), Array)
#5 /var/www/helpscout/lib/Cake/Model/Model.php(2893): Model->_readDataSource('count', Array)
#6 /var/www/helpscout/lib/Cake/Model/Model.php(2803): Model->find('count', Array)
#7 /var/www/helpscout/lib/Cake/Model/Model.php(1743): Model->exists()
#8 /var/www/helpscout/app/Controller/ProfilesController.php(36): Model->save(Array)
#9 [internal function]: ProfilesController->update('11')
#10 /var/www/helpscout/lib/Cake/Controller/Controller.php(490): ReflectionMethod->invokeArgs(Object(ProfilesController), Array)
#11 /var/www/helpscout/lib/Cake/Routing/Dispatcher.php(191): Controller->invokeAction(Object(CakeRequest))
#12 /var/www/helpscout/lib/Cake/Routing/Dispatcher.php(165): Dispatcher->_invoke(Object(ProfilesController), Object(CakeRequest))
#13 /var/www/helpscout/app/webroot/index.php(108): Dispatcher->dispatch(Object(CakeRequest), Object(CakeResponse))
#14 {main}
2014-08-18 12:09:58 Error: [MissingActionException] Action ProfilesController::js() could not be found.
Exception Attributes: array (
  'controller' => 'ProfilesController',
  'action' => 'js',
)
Request URL: /helpscout/profiles/js/main.js
Stack Trace:
#0 /var/www/helpscout/lib/Cake/Routing/Dispatcher.php(191): Controller->invokeAction(Object(CakeRequest))
#1 /var/www/helpscout/lib/Cake/Routing/Dispatcher.php(165): Dispatcher->_invoke(Object(ProfilesController), Object(CakeRequest))
#2 /var/www/helpscout/app/webroot/index.php(108): Dispatcher->dispatch(Object(CakeRequest), Object(CakeResponse))
#3 {main}
2014-08-18 12:10:59 Error: [MissingActionException] Action ProfilesController::js() could not be found.
Exception Attributes: array (
  'controller' => 'ProfilesController',
  'action' => 'js',
)
Request URL: /helpscout/profiles/js/main.js
Stack Trace:
#0 /var/www/helpscout/lib/Cake/Routing/Dispatcher.php(191): Controller->invokeAction(Object(CakeRequest))
#1 /var/www/helpscout/lib/Cake/Routing/Dispatcher.php(165): Dispatcher->_invoke(Object(ProfilesController), Object(CakeRequest))
#2 /var/www/helpscout/app/webroot/index.php(108): Dispatcher->dispatch(Object(CakeRequest), Object(CakeResponse))
#3 {main}
2014-08-18 12:11:29 Error: [MissingActionException] Action ProfilesController::js() could not be found.
Exception Attributes: array (
  'controller' => 'ProfilesController',
  'action' => 'js',
)
Request URL: /helpscout/profiles/js/main.js
Stack Trace:
#0 /var/www/helpscout/lib/Cake/Routing/Dispatcher.php(191): Controller->invokeAction(Object(CakeRequest))
#1 /var/www/helpscout/lib/Cake/Routing/Dispatcher.php(165): Dispatcher->_invoke(Object(ProfilesController), Object(CakeRequest))
#2 /var/www/helpscout/app/webroot/index.php(108): Dispatcher->dispatch(Object(CakeRequest), Object(CakeResponse))
#3 {main}
2014-08-18 12:37:09 Error: [MissingActionException] Action ProfilesController::js() could not be found.
Exception Attributes: array (
  'controller' => 'ProfilesController',
  'action' => 'js',
)
Request URL: /helpscout/profiles/js/main.js
Stack Trace:
#0 /var/www/helpscout/lib/Cake/Routing/Dispatcher.php(191): Controller->invokeAction(Object(CakeRequest))
#1 /var/www/helpscout/lib/Cake/Routing/Dispatcher.php(165): Dispatcher->_invoke(Object(ProfilesController), Object(CakeRequest))
#2 /var/www/helpscout/app/webroot/index.php(108): Dispatcher->dispatch(Object(CakeRequest), Object(CakeResponse))
#3 {main}
2014-08-18 12:37:30 Error: [MissingActionException] Action ProfilesController::js() could not be found.
Exception Attributes: array (
  'controller' => 'ProfilesController',
  'action' => 'js',
)
Request URL: /helpscout/profiles/js/main.js
Stack Trace:
#0 /var/www/helpscout/lib/Cake/Routing/Dispatcher.php(191): Controller->invokeAction(Object(CakeRequest))
#1 /var/www/helpscout/lib/Cake/Routing/Dispatcher.php(165): Dispatcher->_invoke(Object(ProfilesController), Object(CakeRequest))
#2 /var/www/helpscout/app/webroot/index.php(108): Dispatcher->dispatch(Object(CakeRequest), Object(CakeResponse))
#3 {main}
2014-08-18 12:42:54 Error: [PDOException] SQLSTATE[42S02]: Base table or view not found: 1146 Table 'helpscout.profile' doesn't exist
Request URL: /helpscout/profiles/similar
Stack Trace:
#0 /var/www/helpscout/lib/Cake/Model/Datasource/DboSource.php(458): PDOStatement->execute(Array)
#1 /var/www/helpscout/lib/Cake/Model/Datasource/DboSource.php(424): DboSource->_execute('\r\n             ...', Array)
#2 /var/www/helpscout/lib/Cake/Model/Datasource/DboSource.php(666): DboSource->execute('\r\n             ...', Array, Array)
#3 /var/www/helpscout/lib/Cake/Model/Datasource/DboSource.php(537): DboSource->fetchAll('\r\n             ...')
#4 [internal function]: DboSource->query('\r\n             ...')
#5 /var/www/helpscout/lib/Cake/Model/Model.php(3328): call_user_func_array(Array, Array)
#6 /var/www/helpscout/app/Controller/ProfilesController.php(63): Model->query('\r\n             ...')
#7 [internal function]: ProfilesController->similar()
#8 /var/www/helpscout/lib/Cake/Controller/Controller.php(490): ReflectionMethod->invokeArgs(Object(ProfilesController), Array)
#9 /var/www/helpscout/lib/Cake/Routing/Dispatcher.php(191): Controller->invokeAction(Object(CakeRequest))
#10 /var/www/helpscout/lib/Cake/Routing/Dispatcher.php(165): Dispatcher->_invoke(Object(ProfilesController), Object(CakeRequest))
#11 /var/www/helpscout/app/webroot/index.php(108): Dispatcher->dispatch(Object(CakeRequest), Object(CakeResponse))
#12 {main}
2014-08-18 13:20:05 Error: [MissingActionException] Action ProfilesController::js() could not be found.
Exception Attributes: array (
  'controller' => 'ProfilesController',
  'action' => 'js',
)
Request URL: /helpscout/profiles/js/main.js
Stack Trace:
#0 /var/www/helpscout/lib/Cake/Routing/Dispatcher.php(191): Controller->invokeAction(Object(CakeRequest))
#1 /var/www/helpscout/lib/Cake/Routing/Dispatcher.php(165): Dispatcher->_invoke(Object(ProfilesController), Object(CakeRequest))
#2 /var/www/helpscout/app/webroot/index.php(108): Dispatcher->dispatch(Object(CakeRequest), Object(CakeResponse))
#3 {main}
2014-08-18 13:20:28 Error: [MissingActionException] Action ProfilesController::js() could not be found.
Exception Attributes: array (
  'controller' => 'ProfilesController',
  'action' => 'js',
)
Request URL: /helpscout/profiles/js/main.js
Stack Trace:
#0 /var/www/helpscout/lib/Cake/Routing/Dispatcher.php(191): Controller->invokeAction(Object(CakeRequest))
#1 /var/www/helpscout/lib/Cake/Routing/Dispatcher.php(165): Dispatcher->_invoke(Object(ProfilesController), Object(CakeRequest))
#2 /var/www/helpscout/app/webroot/index.php(108): Dispatcher->dispatch(Object(CakeRequest), Object(CakeResponse))
#3 {main}
2014-08-18 13:20:30 Error: [MissingActionException] Action ProfilesController::index.php() could not be found.
Exception Attributes: array (
  'controller' => 'ProfilesController',
  'action' => 'index.php',
)
Request URL: /helpscout/profiles/index.php
Stack Trace:
#0 /var/www/helpscout/lib/Cake/Routing/Dispatcher.php(191): Controller->invokeAction(Object(CakeRequest))
#1 /var/www/helpscout/lib/Cake/Routing/Dispatcher.php(165): Dispatcher->_invoke(Object(ProfilesController), Object(CakeRequest))
#2 /var/www/helpscout/app/webroot/index.php(108): Dispatcher->dispatch(Object(CakeRequest), Object(CakeResponse))
#3 {main}
2014-08-18 13:24:26 Error: [MissingActionException] Action ProfilesController::js() could not be found.
Exception Attributes: array (
  'controller' => 'ProfilesController',
  'action' => 'js',
)
Request URL: /helpscout/profiles/js/main.js
Stack Trace:
#0 /var/www/helpscout/lib/Cake/Routing/Dispatcher.php(191): Controller->invokeAction(Object(CakeRequest))
#1 /var/www/helpscout/lib/Cake/Routing/Dispatcher.php(165): Dispatcher->_invoke(Object(ProfilesController), Object(CakeRequest))
#2 /var/www/helpscout/app/webroot/index.php(108): Dispatcher->dispatch(Object(CakeRequest), Object(CakeResponse))
#3 {main}
2014-08-18 13:24:38 Error: [MissingActionException] Action ProfilesController::js() could not be found.
Exception Attributes: array (
  'controller' => 'ProfilesController',
  'action' => 'js',
)
Request URL: /helpscout/profiles/js/main.js
Stack Trace:
#0 /var/www/helpscout/lib/Cake/Routing/Dispatcher.php(191): Controller->invokeAction(Object(CakeRequest))
#1 /var/www/helpscout/lib/Cake/Routing/Dispatcher.php(165): Dispatcher->_invoke(Object(ProfilesController), Object(CakeRequest))
#2 /var/www/helpscout/app/webroot/index.php(108): Dispatcher->dispatch(Object(CakeRequest), Object(CakeResponse))
#3 {main}
2014-08-18 13:24:49 Error: [MissingActionException] Action ProfilesController::js() could not be found.
Exception Attributes: array (
  'controller' => 'ProfilesController',
  'action' => 'js',
)
Request URL: /helpscout/profiles/js/main.js
Stack Trace:
#0 /var/www/helpscout/lib/Cake/Routing/Dispatcher.php(191): Controller->invokeAction(Object(CakeRequest))
#1 /var/www/helpscout/lib/Cake/Routing/Dispatcher.php(165): Dispatcher->_invoke(Object(ProfilesController), Object(CakeRequest))
#2 /var/www/helpscout/app/webroot/index.php(108): Dispatcher->dispatch(Object(CakeRequest), Object(CakeResponse))
#3 {main}
2014-08-18 13:25:27 Error: [MissingActionException] Action ProfilesController::js() could not be found.
Exception Attributes: array (
  'controller' => 'ProfilesController',
  'action' => 'js',
)
Request URL: /helpscout/profiles/js/main.js
Stack Trace:
#0 /var/www/helpscout/lib/Cake/Routing/Dispatcher.php(191): Controller->invokeAction(Object(CakeRequest))
#1 /var/www/helpscout/lib/Cake/Routing/Dispatcher.php(165): Dispatcher->_invoke(Object(ProfilesController), Object(CakeRequest))
#2 /var/www/helpscout/app/webroot/index.php(108): Dispatcher->dispatch(Object(CakeRequest), Object(CakeResponse))
#3 {main}
2014-08-18 13:25:37 Error: [MissingActionException] Action ProfilesController::js() could not be found.
Exception Attributes: array (
  'controller' => 'ProfilesController',
  'action' => 'js',
)
Request URL: /helpscout/profiles/js/main.js
Stack Trace:
#0 /var/www/helpscout/lib/Cake/Routing/Dispatcher.php(191): Controller->invokeAction(Object(CakeRequest))
#1 /var/www/helpscout/lib/Cake/Routing/Dispatcher.php(165): Dispatcher->_invoke(Object(ProfilesController), Object(CakeRequest))
#2 /var/www/helpscout/app/webroot/index.php(108): Dispatcher->dispatch(Object(CakeRequest), Object(CakeResponse))
#3 {main}
2014-08-18 13:47:26 Error: [MissingConnectionException] Database connection "Mysql" is missing, or could not be created.
Exception Attributes: array (
  'class' => 'Mysql',
  'message' => 'SQLSTATE[28000] [1045] Access denied for user \'root\'@\'localhost\' (using password: YES)',
  'enabled' => true,
)
Request URL: /helpscout/profiles/similar
Stack Trace:
#0 /var/www/helpscout/lib/Cake/Model/Datasource/DboSource.php(260): Mysql->connect()
#1 /var/www/helpscout/lib/Cake/Model/ConnectionManager.php(105): DboSource->__construct(Array)
#2 /var/www/helpscout/lib/Cake/Model/Model.php(3498): ConnectionManager::getDataSource('default')
#3 /var/www/helpscout/lib/Cake/Model/Model.php(1136): Model->setDataSource('default')
#4 /var/www/helpscout/lib/Cake/Model/Model.php(3525): Model->setSource('profiles')
#5 /var/www/helpscout/lib/Cake/Model/Model.php(3327): Model->getDataSource()
#6 /var/www/helpscout/app/Controller/ProfilesController.php(63): Model->query('\r\n             ...')
#7 [internal function]: ProfilesController->similar()
#8 /var/www/helpscout/lib/Cake/Controller/Controller.php(490): ReflectionMethod->invokeArgs(Object(ProfilesController), Array)
#9 /var/www/helpscout/lib/Cake/Routing/Dispatcher.php(191): Controller->invokeAction(Object(CakeRequest))
#10 /var/www/helpscout/lib/Cake/Routing/Dispatcher.php(165): Dispatcher->_invoke(Object(ProfilesController), Object(CakeRequest))
#11 /var/www/helpscout/app/webroot/index.php(108): Dispatcher->dispatch(Object(CakeRequest), Object(CakeResponse))
#12 {main}
2014-08-18 14:02:53 Error: [MissingActionException] Action ProfilesController::js() could not be found.
Exception Attributes: array (
  'controller' => 'ProfilesController',
  'action' => 'js',
)
Request URL: /helpscout/profiles/js/main.js
Stack Trace:
#0 /var/www/helpscout/lib/Cake/Routing/Dispatcher.php(191): Controller->invokeAction(Object(CakeRequest))
#1 /var/www/helpscout/lib/Cake/Routing/Dispatcher.php(165): Dispatcher->_invoke(Object(ProfilesController), Object(CakeRequest))
#2 /var/www/helpscout/app/webroot/index.php(108): Dispatcher->dispatch(Object(CakeRequest), Object(CakeResponse))
#3 {main}
2014-08-18 14:03:13 Error: [MissingActionException] Action ProfilesController::js() could not be found.
Exception Attributes: array (
  'controller' => 'ProfilesController',
  'action' => 'js',
)
Request URL: /helpscout/profiles/js/main.js
Stack Trace:
#0 /var/www/helpscout/lib/Cake/Routing/Dispatcher.php(191): Controller->invokeAction(Object(CakeRequest))
#1 /var/www/helpscout/lib/Cake/Routing/Dispatcher.php(165): Dispatcher->_invoke(Object(ProfilesController), Object(CakeRequest))
#2 /var/www/helpscout/app/webroot/index.php(108): Dispatcher->dispatch(Object(CakeRequest), Object(CakeResponse))
#3 {main}
2014-08-18 14:14:01 Error: [MissingActionException] Action ProfilesController::index.php() could not be found.
Exception Attributes: array (
  'controller' => 'ProfilesController',
  'action' => 'index.php',
)
Request URL: /helpscout/profiles/index.php
Stack Trace:
#0 /var/www/helpscout/lib/Cake/Routing/Dispatcher.php(191): Controller->invokeAction(Object(CakeRequest))
#1 /var/www/helpscout/lib/Cake/Routing/Dispatcher.php(165): Dispatcher->_invoke(Object(ProfilesController), Object(CakeRequest))
#2 /var/www/helpscout/app/webroot/index.php(108): Dispatcher->dispatch(Object(CakeRequest), Object(CakeResponse))
#3 {main}
2014-08-18 14:14:44 Error: [MissingActionException] Action ProfilesController::js() could not be found.
Exception Attributes: array (
  'controller' => 'ProfilesController',
  'action' => 'js',
)
Request URL: /helpscout/profiles/js/main.js
Stack Trace:
#0 /var/www/helpscout/lib/Cake/Routing/Dispatcher.php(191): Controller->invokeAction(Object(CakeRequest))
#1 /var/www/helpscout/lib/Cake/Routing/Dispatcher.php(165): Dispatcher->_invoke(Object(ProfilesController), Object(CakeRequest))
#2 /var/www/helpscout/app/webroot/index.php(108): Dispatcher->dispatch(Object(CakeRequest), Object(CakeResponse))
#3 {main}
2014-08-18 14:15:00 Error: [MissingActionException] Action ProfilesController::js() could not be found.
Exception Attributes: array (
  'controller' => 'ProfilesController',
  'action' => 'js',
)
Request URL: /helpscout/profiles/js/main.js
Stack Trace:
#0 /var/www/helpscout/lib/Cake/Routing/Dispatcher.php(191): Controller->invokeAction(Object(CakeRequest))
#1 /var/www/helpscout/lib/Cake/Routing/Dispatcher.php(165): Dispatcher->_invoke(Object(ProfilesController), Object(CakeRequest))
#2 /var/www/helpscout/app/webroot/index.php(108): Dispatcher->dispatch(Object(CakeRequest), Object(CakeResponse))
#3 {main}
2014-08-18 14:15:20 Error: [MissingActionException] Action ProfilesController::js() could not be found.
Exception Attributes: array (
  'controller' => 'ProfilesController',
  'action' => 'js',
)
Request URL: /helpscout/profiles/js/main.js
Stack Trace:
#0 /var/www/helpscout/lib/Cake/Routing/Dispatcher.php(191): Controller->invokeAction(Object(CakeRequest))
#1 /var/www/helpscout/lib/Cake/Routing/Dispatcher.php(165): Dispatcher->_invoke(Object(ProfilesController), Object(CakeRequest))
#2 /var/www/helpscout/app/webroot/index.php(108): Dispatcher->dispatch(Object(CakeRequest), Object(CakeResponse))
#3 {main}
2014-08-18 14:15:28 Error: [MissingActionException] Action ProfilesController::js() could not be found.
Exception Attributes: array (
  'controller' => 'ProfilesController',
  'action' => 'js',
)
Request URL: /helpscout/profiles/js/main.js
Stack Trace:
#0 /var/www/helpscout/lib/Cake/Routing/Dispatcher.php(191): Controller->invokeAction(Object(CakeRequest))
#1 /var/www/helpscout/lib/Cake/Routing/Dispatcher.php(165): Dispatcher->_invoke(Object(ProfilesController), Object(CakeRequest))
#2 /var/www/helpscout/app/webroot/index.php(108): Dispatcher->dispatch(Object(CakeRequest), Object(CakeResponse))
#3 {main}
2014-08-18 14:15:58 Error: [MissingActionException] Action ProfilesController::js() could not be found.
Exception Attributes: array (
  'controller' => 'ProfilesController',
  'action' => 'js',
)
Request URL: /helpscout/profiles/js/main.js
Stack Trace:
#0 /var/www/helpscout/lib/Cake/Routing/Dispatcher.php(191): Controller->invokeAction(Object(CakeRequest))
#1 /var/www/helpscout/lib/Cake/Routing/Dispatcher.php(165): Dispatcher->_invoke(Object(ProfilesController), Object(CakeRequest))
#2 /var/www/helpscout/app/webroot/index.php(108): Dispatcher->dispatch(Object(CakeRequest), Object(CakeResponse))
#3 {main}
2014-08-18 14:40:05 Error: [PDOException] SQLSTATE[42000]: Syntax error or access violation: 1064 You have an error in your SQL syntax; check the manual that corresponds to your MySQL server version for the right syntax to use near ')' at line 11
Request URL: /helpscout/profiles/similar
Stack Trace:
#0 /var/www/helpscout/lib/Cake/Model/Datasource/DboSource.php(458): PDOStatement->execute(Array)
#1 /var/www/helpscout/lib/Cake/Model/Datasource/DboSource.php(424): DboSource->_execute('\r\n            S...', Array)
#2 /var/www/helpscout/lib/Cake/Model/Datasource/DboSource.php(666): DboSource->execute('\r\n            S...', Array, Array)
#3 /var/www/helpscout/lib/Cake/Model/Datasource/DboSource.php(537): DboSource->fetchAll('\r\n            S...')
#4 [internal function]: DboSource->query('\r\n            S...')
#5 /var/www/helpscout/lib/Cake/Model/Model.php(3328): call_user_func_array(Array, Array)
#6 /var/www/helpscout/app/Controller/ProfilesController.php(72): Model->query('\r\n            S...')
#7 [internal function]: ProfilesController->similar()
#8 /var/www/helpscout/lib/Cake/Controller/Controller.php(490): ReflectionMethod->invokeArgs(Object(ProfilesController), Array)
#9 /var/www/helpscout/lib/Cake/Routing/Dispatcher.php(191): Controller->invokeAction(Object(CakeRequest))
#10 /var/www/helpscout/lib/Cake/Routing/Dispatcher.php(165): Dispatcher->_invoke(Object(ProfilesController), Object(CakeRequest))
#11 /var/www/helpscout/app/webroot/index.php(108): Dispatcher->dispatch(Object(CakeRequest), Object(CakeResponse))
#12 {main}
2014-08-18 14:43:45 Error: [PDOException] SQLSTATE[42000]: Syntax error or access violation: 1064 You have an error in your SQL syntax; check the manual that corresponds to your MySQL server version for the right syntax to use near ')' at line 11
Request URL: /helpscout/profiles/similar
Stack Trace:
#0 /var/www/helpscout/lib/Cake/Model/Datasource/DboSource.php(458): PDOStatement->execute(Array)
#1 /var/www/helpscout/lib/Cake/Model/Datasource/DboSource.php(424): DboSource->_execute('\r\n            S...', Array)
#2 /var/www/helpscout/lib/Cake/Model/Datasource/DboSource.php(666): DboSource->execute('\r\n            S...', Array, Array)
#3 /var/www/helpscout/lib/Cake/Model/Datasource/DboSource.php(537): DboSource->fetchAll('\r\n            S...')
#4 [internal function]: DboSource->query('\r\n            S...')
#5 /var/www/helpscout/lib/Cake/Model/Model.php(3328): call_user_func_array(Array, Array)
#6 /var/www/helpscout/app/Controller/ProfilesController.php(71): Model->query('\r\n            S...')
#7 [internal function]: ProfilesController->similar()
#8 /var/www/helpscout/lib/Cake/Controller/Controller.php(490): ReflectionMethod->invokeArgs(Object(ProfilesController), Array)
#9 /var/www/helpscout/lib/Cake/Routing/Dispatcher.php(191): Controller->invokeAction(Object(CakeRequest))
#10 /var/www/helpscout/lib/Cake/Routing/Dispatcher.php(165): Dispatcher->_invoke(Object(ProfilesController), Object(CakeRequest))
#11 /var/www/helpscout/app/webroot/index.php(108): Dispatcher->dispatch(Object(CakeRequest), Object(CakeResponse))
#12 {main}
2014-08-18 14:46:34 Error: [PDOException] SQLSTATE[23000]: Integrity constraint violation: 1052 Column 'first_name' in order clause is ambiguous
Request URL: /helpscout/profiles/similar
Stack Trace:
#0 /var/www/helpscout/lib/Cake/Model/Datasource/DboSource.php(458): PDOStatement->execute(Array)
#1 /var/www/helpscout/lib/Cake/Model/Datasource/DboSource.php(424): DboSource->_execute('\r\n            S...', Array)
#2 /var/www/helpscout/lib/Cake/Model/Datasource/DboSource.php(666): DboSource->execute('\r\n            S...', Array, Array)
#3 /var/www/helpscout/lib/Cake/Model/Datasource/DboSource.php(537): DboSource->fetchAll('\r\n            S...')
#4 [internal function]: DboSource->query('\r\n            S...')
#5 /var/www/helpscout/lib/Cake/Model/Model.php(3328): call_user_func_array(Array, Array)
#6 /var/www/helpscout/app/Controller/ProfilesController.php(71): Model->query('\r\n            S...')
#7 [internal function]: ProfilesController->similar()
#8 /var/www/helpscout/lib/Cake/Controller/Controller.php(490): ReflectionMethod->invokeArgs(Object(ProfilesController), Array)
#9 /var/www/helpscout/lib/Cake/Routing/Dispatcher.php(191): Controller->invokeAction(Object(CakeRequest))
#10 /var/www/helpscout/lib/Cake/Routing/Dispatcher.php(165): Dispatcher->_invoke(Object(ProfilesController), Object(CakeRequest))
#11 /var/www/helpscout/app/webroot/index.php(108): Dispatcher->dispatch(Object(CakeRequest), Object(CakeResponse))
#12 {main}
2014-08-18 14:55:12 Error: [MissingActionException] Action ProfilesController::js() could not be found.
Exception Attributes: array (
  'controller' => 'ProfilesController',
  'action' => 'js',
)
Request URL: /helpscout/profiles/js/main.js
Stack Trace:
#0 /var/www/helpscout/lib/Cake/Routing/Dispatcher.php(191): Controller->invokeAction(Object(CakeRequest))
#1 /var/www/helpscout/lib/Cake/Routing/Dispatcher.php(165): Dispatcher->_invoke(Object(ProfilesController), Object(CakeRequest))
#2 /var/www/helpscout/app/webroot/index.php(108): Dispatcher->dispatch(Object(CakeRequest), Object(CakeResponse))
#3 {main}
2014-08-18 14:56:27 Error: [MissingActionException] Action ProfilesController::js() could not be found.
Exception Attributes: array (
  'controller' => 'ProfilesController',
  'action' => 'js',
)
Request URL: /helpscout/profiles/js/main.js
Stack Trace:
#0 /var/www/helpscout/lib/Cake/Routing/Dispatcher.php(191): Controller->invokeAction(Object(CakeRequest))
#1 /var/www/helpscout/lib/Cake/Routing/Dispatcher.php(165): Dispatcher->_invoke(Object(ProfilesController), Object(CakeRequest))
#2 /var/www/helpscout/app/webroot/index.php(108): Dispatcher->dispatch(Object(CakeRequest), Object(CakeResponse))
#3 {main}
2014-08-18 14:58:25 Error: [PDOException] SQLSTATE[42S22]: Column not found: 1054 Unknown column 'p.first_name' in 'on clause'
Request URL: /helpscout/profiles/similar
Stack Trace:
#0 /var/www/helpscout/lib/Cake/Model/Datasource/DboSource.php(458): PDOStatement->execute(Array)
#1 /var/www/helpscout/lib/Cake/Model/Datasource/DboSource.php(424): DboSource->_execute('\r\n            S...', Array)
#2 /var/www/helpscout/lib/Cake/Model/Datasource/DboSource.php(666): DboSource->execute('\r\n            S...', Array, Array)
#3 /var/www/helpscout/lib/Cake/Model/Datasource/DboSource.php(537): DboSource->fetchAll('\r\n            S...')
#4 [internal function]: DboSource->query('\r\n            S...')
#5 /var/www/helpscout/lib/Cake/Model/Model.php(3328): call_user_func_array(Array, Array)
#6 /var/www/helpscout/app/Controller/ProfilesController.php(71): Model->query('\r\n            S...')
#7 [internal function]: ProfilesController->similar()
#8 /var/www/helpscout/lib/Cake/Controller/Controller.php(490): ReflectionMethod->invokeArgs(Object(ProfilesController), Array)
#9 /var/www/helpscout/lib/Cake/Routing/Dispatcher.php(191): Controller->invokeAction(Object(CakeRequest))
#10 /var/www/helpscout/lib/Cake/Routing/Dispatcher.php(165): Dispatcher->_invoke(Object(ProfilesController), Object(CakeRequest))
#11 /var/www/helpscout/app/webroot/index.php(108): Dispatcher->dispatch(Object(CakeRequest), Object(CakeResponse))
#12 {main}
2014-08-18 15:01:37 Error: [PDOException] SQLSTATE[42000]: Syntax error or access violation: 1064 You have an error in your SQL syntax; check the manual that corresponds to your MySQL server version for the right syntax to use near 'COUNT(*)
                FROM profiles
                GROUP BY first_name, la' at line 4
Request URL: /helpscout/profiles/similar
Stack Trace:
#0 /var/www/helpscout/lib/Cake/Model/Datasource/DboSource.php(458): PDOStatement->execute(Array)
#1 /var/www/helpscout/lib/Cake/Model/Datasource/DboSource.php(424): DboSource->_execute('\r\n            S...', Array)
#2 /var/www/helpscout/lib/Cake/Model/Datasource/DboSource.php(666): DboSource->execute('\r\n            S...', Array, Array)
#3 /var/www/helpscout/lib/Cake/Model/Datasource/DboSource.php(537): DboSource->fetchAll('\r\n            S...')
#4 [internal function]: DboSource->query('\r\n            S...')
#5 /var/www/helpscout/lib/Cake/Model/Model.php(3328): call_user_func_array(Array, Array)
#6 /var/www/helpscout/app/Controller/ProfilesController.php(74): Model->query('\r\n            S...')
#7 [internal function]: ProfilesController->similar()
#8 /var/www/helpscout/lib/Cake/Controller/Controller.php(490): ReflectionMethod->invokeArgs(Object(ProfilesController), Array)
#9 /var/www/helpscout/lib/Cake/Routing/Dispatcher.php(191): Controller->invokeAction(Object(CakeRequest))
#10 /var/www/helpscout/lib/Cake/Routing/Dispatcher.php(165): Dispatcher->_invoke(Object(ProfilesController), Object(CakeRequest))
#11 /var/www/helpscout/app/webroot/index.php(108): Dispatcher->dispatch(Object(CakeRequest), Object(CakeResponse))
#12 {main}
2014-08-18 15:02:31 Error: [PDOException] SQLSTATE[42000]: Syntax error or access violation: 1064 You have an error in your SQL syntax; check the manual that corresponds to your MySQL server version for the right syntax to use near 'COUNT(*)
                FROM profiles
                GROUP BY first_name, la' at line 4
Request URL: /helpscout/profiles/similar
Stack Trace:
#0 /var/www/helpscout/lib/Cake/Model/Datasource/DboSource.php(458): PDOStatement->execute(Array)
#1 /var/www/helpscout/lib/Cake/Model/Datasource/DboSource.php(424): DboSource->_execute('\r\n            S...', Array)
#2 /var/www/helpscout/lib/Cake/Model/Datasource/DboSource.php(666): DboSource->execute('\r\n            S...', Array, Array)
#3 /var/www/helpscout/lib/Cake/Model/Datasource/DboSource.php(537): DboSource->fetchAll('\r\n            S...')
#4 [internal function]: DboSource->query('\r\n            S...')
#5 /var/www/helpscout/lib/Cake/Model/Model.php(3328): call_user_func_array(Array, Array)
#6 /var/www/helpscout/app/Controller/ProfilesController.php(74): Model->query('\r\n            S...')
#7 [internal function]: ProfilesController->similar()
#8 /var/www/helpscout/lib/Cake/Controller/Controller.php(490): ReflectionMethod->invokeArgs(Object(ProfilesController), Array)
#9 /var/www/helpscout/lib/Cake/Routing/Dispatcher.php(191): Controller->invokeAction(Object(CakeRequest))
#10 /var/www/helpscout/lib/Cake/Routing/Dispatcher.php(165): Dispatcher->_invoke(Object(ProfilesController), Object(CakeRequest))
#11 /var/www/helpscout/app/webroot/index.php(108): Dispatcher->dispatch(Object(CakeRequest), Object(CakeResponse))
#12 {main}
2014-08-18 15:03:26 Error: [PDOException] SQLSTATE[42S22]: Column not found: 1054 Unknown column 'p.first_name' in 'on clause'
Request URL: /helpscout/profiles/similar
Stack Trace:
#0 /var/www/helpscout/lib/Cake/Model/Datasource/DboSource.php(458): PDOStatement->execute(Array)
#1 /var/www/helpscout/lib/Cake/Model/Datasource/DboSource.php(424): DboSource->_execute('\r\n            S...', Array)
#2 /var/www/helpscout/lib/Cake/Model/Datasource/DboSource.php(666): DboSource->execute('\r\n            S...', Array, Array)
#3 /var/www/helpscout/lib/Cake/Model/Datasource/DboSource.php(537): DboSource->fetchAll('\r\n            S...')
#4 [internal function]: DboSource->query('\r\n            S...')
#5 /var/www/helpscout/lib/Cake/Model/Model.php(3328): call_user_func_array(Array, Array)
#6 /var/www/helpscout/app/Controller/ProfilesController.php(71): Model->query('\r\n            S...')
#7 [internal function]: ProfilesController->similar()
#8 /var/www/helpscout/lib/Cake/Controller/Controller.php(490): ReflectionMethod->invokeArgs(Object(ProfilesController), Array)
#9 /var/www/helpscout/lib/Cake/Routing/Dispatcher.php(191): Controller->invokeAction(Object(CakeRequest))
#10 /var/www/helpscout/lib/Cake/Routing/Dispatcher.php(165): Dispatcher->_invoke(Object(ProfilesController), Object(CakeRequest))
#11 /var/www/helpscout/app/webroot/index.php(108): Dispatcher->dispatch(Object(CakeRequest), Object(CakeResponse))
#12 {main}
2014-08-18 16:12:04 Error: [PDOException] SQLSTATE[42S22]: Column not found: 1054 Unknown column 'temp.address_1' in 'on clause'
Request URL: /helpscout/profiles/similar
Stack Trace:
#0 /var/www/helpscout/lib/Cake/Model/Datasource/DboSource.php(458): PDOStatement->execute(Array)
#1 /var/www/helpscout/lib/Cake/Model/Datasource/DboSource.php(424): DboSource->_execute('\r\n            S...', Array)
#2 /var/www/helpscout/lib/Cake/Model/Datasource/DboSource.php(666): DboSource->execute('\r\n            S...', Array, Array)
#3 /var/www/helpscout/lib/Cake/Model/Datasource/DboSource.php(537): DboSource->fetchAll('\r\n            S...')
#4 [internal function]: DboSource->query('\r\n            S...')
#5 /var/www/helpscout/lib/Cake/Model/Model.php(3328): call_user_func_array(Array, Array)
#6 /var/www/helpscout/app/Controller/ProfilesController.php(72): Model->query('\r\n            S...')
#7 [internal function]: ProfilesController->similar()
#8 /var/www/helpscout/lib/Cake/Controller/Controller.php(490): ReflectionMethod->invokeArgs(Object(ProfilesController), Array)
#9 /var/www/helpscout/lib/Cake/Routing/Dispatcher.php(191): Controller->invokeAction(Object(CakeRequest))
#10 /var/www/helpscout/lib/Cake/Routing/Dispatcher.php(165): Dispatcher->_invoke(Object(ProfilesController), Object(CakeRequest))
#11 /var/www/helpscout/app/webroot/index.php(108): Dispatcher->dispatch(Object(CakeRequest), Object(CakeResponse))
#12 {main}
2014-08-18 16:12:42 Error: [PDOException] SQLSTATE[42000]: Syntax error or access violation: 1064 You have an error in your SQL syntax; check the manual that corresponds to your MySQL server version for the right syntax to use near 'COUNT(*)
                FROM profiles
                GROUP BY first_name, la' at line 4
Request URL: /helpscout/profiles/similar
Stack Trace:
#0 /var/www/helpscout/lib/Cake/Model/Datasource/DboSource.php(458): PDOStatement->execute(Array)
#1 /var/www/helpscout/lib/Cake/Model/Datasource/DboSource.php(424): DboSource->_execute('\r\n            S...', Array)
#2 /var/www/helpscout/lib/Cake/Model/Datasource/DboSource.php(666): DboSource->execute('\r\n            S...', Array, Array)
#3 /var/www/helpscout/lib/Cake/Model/Datasource/DboSource.php(537): DboSource->fetchAll('\r\n            S...')
#4 [internal function]: DboSource->query('\r\n            S...')
#5 /var/www/helpscout/lib/Cake/Model/Model.php(3328): call_user_func_array(Array, Array)
#6 /var/www/helpscout/app/Controller/ProfilesController.php(72): Model->query('\r\n            S...')
#7 [internal function]: ProfilesController->similar()
#8 /var/www/helpscout/lib/Cake/Controller/Controller.php(490): ReflectionMethod->invokeArgs(Object(ProfilesController), Array)
#9 /var/www/helpscout/lib/Cake/Routing/Dispatcher.php(191): Controller->invokeAction(Object(CakeRequest))
#10 /var/www/helpscout/lib/Cake/Routing/Dispatcher.php(165): Dispatcher->_invoke(Object(ProfilesController), Object(CakeRequest))
#11 /var/www/helpscout/app/webroot/index.php(108): Dispatcher->dispatch(Object(CakeRequest), Object(CakeResponse))
#12 {main}
2014-08-18 16:21:11 Error: [PDOException] SQLSTATE[42000]: Syntax error or access violation: 1064 You have an error in your SQL syntax; check the manual that corresponds to your MySQL server version for the right syntax to use near 'COUNT(*)
                FROM profiles
                GROUP BY phone_number
' at line 5
Request URL: /helpscout/profiles/similar
Stack Trace:
#0 /var/www/helpscout/lib/Cake/Model/Datasource/DboSource.php(458): PDOStatement->execute(Array)
#1 /var/www/helpscout/lib/Cake/Model/Datasource/DboSource.php(424): DboSource->_execute('\r\n            S...', Array)
#2 /var/www/helpscout/lib/Cake/Model/Datasource/DboSource.php(666): DboSource->execute('\r\n            S...', Array, Array)
#3 /var/www/helpscout/lib/Cake/Model/Datasource/DboSource.php(537): DboSource->fetchAll('\r\n            S...')
#4 [internal function]: DboSource->query('\r\n            S...')
#5 /var/www/helpscout/lib/Cake/Model/Model.php(3328): call_user_func_array(Array, Array)
#6 /var/www/helpscout/app/Controller/ProfilesController.php(71): Model->query('\r\n            S...')
#7 [internal function]: ProfilesController->similar()
#8 /var/www/helpscout/lib/Cake/Controller/Controller.php(490): ReflectionMethod->invokeArgs(Object(ProfilesController), Array)
#9 /var/www/helpscout/lib/Cake/Routing/Dispatcher.php(191): Controller->invokeAction(Object(CakeRequest))
#10 /var/www/helpscout/lib/Cake/Routing/Dispatcher.php(165): Dispatcher->_invoke(Object(ProfilesController), Object(CakeRequest))
#11 /var/www/helpscout/app/webroot/index.php(108): Dispatcher->dispatch(Object(CakeRequest), Object(CakeResponse))
#12 {main}
2014-08-18 16:22:01 Error: [PDOException] SQLSTATE[23000]: Integrity constraint violation: 1052 Column 'address_1' in order clause is ambiguous
Request URL: /helpscout/profiles/similar
Stack Trace:
#0 /var/www/helpscout/lib/Cake/Model/Datasource/DboSource.php(458): PDOStatement->execute(Array)
#1 /var/www/helpscout/lib/Cake/Model/Datasource/DboSource.php(424): DboSource->_execute('\r\n            S...', Array)
#2 /var/www/helpscout/lib/Cake/Model/Datasource/DboSource.php(666): DboSource->execute('\r\n            S...', Array, Array)
#3 /var/www/helpscout/lib/Cake/Model/Datasource/DboSource.php(537): DboSource->fetchAll('\r\n            S...')
#4 [internal function]: DboSource->query('\r\n            S...')
#5 /var/www/helpscout/lib/Cake/Model/Model.php(3328): call_user_func_array(Array, Array)
#6 /var/www/helpscout/app/Controller/ProfilesController.php(90): Model->query('\r\n            S...')
#7 [internal function]: ProfilesController->similar()
#8 /var/www/helpscout/lib/Cake/Controller/Controller.php(490): ReflectionMethod->invokeArgs(Object(ProfilesController), Array)
#9 /var/www/helpscout/lib/Cake/Routing/Dispatcher.php(191): Controller->invokeAction(Object(CakeRequest))
#10 /var/www/helpscout/lib/Cake/Routing/Dispatcher.php(165): Dispatcher->_invoke(Object(ProfilesController), Object(CakeRequest))
#11 /var/www/helpscout/app/webroot/index.php(108): Dispatcher->dispatch(Object(CakeRequest), Object(CakeResponse))
#12 {main}
2014-08-18 16:52:54 Error: [MissingActionException] Action ProfilesController::js() could not be found.
Exception Attributes: array (
  'controller' => 'ProfilesController',
  'action' => 'js',
)
Request URL: /helpscout/profiles/js/main.js
Stack Trace:
#0 /var/www/helpscout/lib/Cake/Routing/Dispatcher.php(191): Controller->invokeAction(Object(CakeRequest))
#1 /var/www/helpscout/lib/Cake/Routing/Dispatcher.php(165): Dispatcher->_invoke(Object(ProfilesController), Object(CakeRequest))
#2 /var/www/helpscout/app/webroot/index.php(108): Dispatcher->dispatch(Object(CakeRequest), Object(CakeResponse))
#3 {main}
2014-08-18 16:53:26 Error: [MissingActionException] Action ProfilesController::js() could not be found.
Exception Attributes: array (
  'controller' => 'ProfilesController',
  'action' => 'js',
)
Request URL: /helpscout/profiles/js/main.js
Stack Trace:
#0 /var/www/helpscout/lib/Cake/Routing/Dispatcher.php(191): Controller->invokeAction(Object(CakeRequest))
#1 /var/www/helpscout/lib/Cake/Routing/Dispatcher.php(165): Dispatcher->_invoke(Object(ProfilesController), Object(CakeRequest))
#2 /var/www/helpscout/app/webroot/index.php(108): Dispatcher->dispatch(Object(CakeRequest), Object(CakeResponse))
#3 {main}
2014-08-18 16:57:08 Error: [MissingActionException] Action ProfilesController::js() could not be found.
Exception Attributes: array (
  'controller' => 'ProfilesController',
  'action' => 'js',
)
Request URL: /helpscout/profiles/js/main.js
Stack Trace:
#0 /var/www/helpscout/lib/Cake/Routing/Dispatcher.php(191): Controller->invokeAction(Object(CakeRequest))
#1 /var/www/helpscout/lib/Cake/Routing/Dispatcher.php(165): Dispatcher->_invoke(Object(ProfilesController), Object(CakeRequest))
#2 /var/www/helpscout/app/webroot/index.php(108): Dispatcher->dispatch(Object(CakeRequest), Object(CakeResponse))
#3 {main}
2014-08-18 16:57:26 Error: [MissingActionException] Action ProfilesController::js() could not be found.
Exception Attributes: array (
  'controller' => 'ProfilesController',
  'action' => 'js',
)
Request URL: /helpscout/profiles/js/main.js
Stack Trace:
#0 /var/www/helpscout/lib/Cake/Routing/Dispatcher.php(191): Controller->invokeAction(Object(CakeRequest))
#1 /var/www/helpscout/lib/Cake/Routing/Dispatcher.php(165): Dispatcher->_invoke(Object(ProfilesController), Object(CakeRequest))
#2 /var/www/helpscout/app/webroot/index.php(108): Dispatcher->dispatch(Object(CakeRequest), Object(CakeResponse))
#3 {main}
2014-08-18 17:02:07 Error: [MissingActionException] Action ProfilesController::js() could not be found.
Exception Attributes: array (
  'controller' => 'ProfilesController',
  'action' => 'js',
)
Request URL: /helpscout/profiles/js/main.js
Stack Trace:
#0 /var/www/helpscout/lib/Cake/Routing/Dispatcher.php(191): Controller->invokeAction(Object(CakeRequest))
#1 /var/www/helpscout/lib/Cake/Routing/Dispatcher.php(165): Dispatcher->_invoke(Object(ProfilesController), Object(CakeRequest))
#2 /var/www/helpscout/app/webroot/index.php(108): Dispatcher->dispatch(Object(CakeRequest), Object(CakeResponse))
#3 {main}
2014-08-18 17:02:22 Error: [MissingActionException] Action ProfilesController::js() could not be found.
Exception Attributes: array (
  'controller' => 'ProfilesController',
  'action' => 'js',
)
Request URL: /helpscout/profiles/js/main.js
Stack Trace:
#0 /var/www/helpscout/lib/Cake/Routing/Dispatcher.php(191): Controller->invokeAction(Object(CakeRequest))
#1 /var/www/helpscout/lib/Cake/Routing/Dispatcher.php(165): Dispatcher->_invoke(Object(ProfilesController), Object(CakeRequest))
#2 /var/www/helpscout/app/webroot/index.php(108): Dispatcher->dispatch(Object(CakeRequest), Object(CakeResponse))
#3 {main}
2014-08-18 17:03:18 Error: [MissingActionException] Action ProfilesController::js() could not be found.
Exception Attributes: array (
  'controller' => 'ProfilesController',
  'action' => 'js',
)
Request URL: /helpscout/profiles/js/main.js
Stack Trace:
#0 /var/www/helpscout/lib/Cake/Routing/Dispatcher.php(191): Controller->invokeAction(Object(CakeRequest))
#1 /var/www/helpscout/lib/Cake/Routing/Dispatcher.php(165): Dispatcher->_invoke(Object(ProfilesController), Object(CakeRequest))
#2 /var/www/helpscout/app/webroot/index.php(108): Dispatcher->dispatch(Object(CakeRequest), Object(CakeResponse))
#3 {main}
2014-08-18 17:06:26 Error: [MissingActionException] Action ProfilesController::js() could not be found.
Exception Attributes: array (
  'controller' => 'ProfilesController',
  'action' => 'js',
)
Request URL: /helpscout/profiles/js/main.js
Stack Trace:
#0 /var/www/helpscout/lib/Cake/Routing/Dispatcher.php(191): Controller->invokeAction(Object(CakeRequest))
#1 /var/www/helpscout/lib/Cake/Routing/Dispatcher.php(165): Dispatcher->_invoke(Object(ProfilesController), Object(CakeRequest))
#2 /var/www/helpscout/app/webroot/index.php(108): Dispatcher->dispatch(Object(CakeRequest), Object(CakeResponse))
#3 {main}
2014-08-18 17:06:41 Error: [MissingActionException] Action ProfilesController::js() could not be found.
Exception Attributes: array (
  'controller' => 'ProfilesController',
  'action' => 'js',
)
Request URL: /helpscout/profiles/js/main.js
Stack Trace:
#0 /var/www/helpscout/lib/Cake/Routing/Dispatcher.php(191): Controller->invokeAction(Object(CakeRequest))
#1 /var/www/helpscout/lib/Cake/Routing/Dispatcher.php(165): Dispatcher->_invoke(Object(ProfilesController), Object(CakeRequest))
#2 /var/www/helpscout/app/webroot/index.php(108): Dispatcher->dispatch(Object(CakeRequest), Object(CakeResponse))
#3 {main}
2014-08-18 17:15:14 Error: [MissingActionException] Action UsersController::js() could not be found.
Exception Attributes: array (
  'controller' => 'UsersController',
  'action' => 'js',
)
Request URL: /helpscout/users/js/main.js
Stack Trace:
#0 /var/www/helpscout/lib/Cake/Routing/Dispatcher.php(191): Controller->invokeAction(Object(CakeRequest))
#1 /var/www/helpscout/lib/Cake/Routing/Dispatcher.php(165): Dispatcher->_invoke(Object(UsersController), Object(CakeRequest))
#2 /var/www/helpscout/app/webroot/index.php(108): Dispatcher->dispatch(Object(CakeRequest), Object(CakeResponse))
#3 {main}
2014-08-18 17:15:29 Error: [MissingActionException] Action UsersController::js() could not be found.
Exception Attributes: array (
  'controller' => 'UsersController',
  'action' => 'js',
)
Request URL: /helpscout/users/js/main.js
Stack Trace:
#0 /var/www/helpscout/lib/Cake/Routing/Dispatcher.php(191): Controller->invokeAction(Object(CakeRequest))
#1 /var/www/helpscout/lib/Cake/Routing/Dispatcher.php(165): Dispatcher->_invoke(Object(UsersController), Object(CakeRequest))
#2 /var/www/helpscout/app/webroot/index.php(108): Dispatcher->dispatch(Object(CakeRequest), Object(CakeResponse))
#3 {main}
2014-08-18 17:16:35 Error: [MissingActionException] Action UsersController::js() could not be found.
Exception Attributes: array (
  'controller' => 'UsersController',
  'action' => 'js',
)
Request URL: /helpscout/users/js/main.js
Stack Trace:
#0 /var/www/helpscout/lib/Cake/Routing/Dispatcher.php(191): Controller->invokeAction(Object(CakeRequest))
#1 /var/www/helpscout/lib/Cake/Routing/Dispatcher.php(165): Dispatcher->_invoke(Object(UsersController), Object(CakeRequest))
#2 /var/www/helpscout/app/webroot/index.php(108): Dispatcher->dispatch(Object(CakeRequest), Object(CakeResponse))
#3 {main}
2014-08-18 17:17:18 Error: [MissingActionException] Action UsersController::js() could not be found.
Exception Attributes: array (
  'controller' => 'UsersController',
  'action' => 'js',
)
Request URL: /helpscout/users/js/main.js
Stack Trace:
#0 /var/www/helpscout/lib/Cake/Routing/Dispatcher.php(191): Controller->invokeAction(Object(CakeRequest))
#1 /var/www/helpscout/lib/Cake/Routing/Dispatcher.php(165): Dispatcher->_invoke(Object(UsersController), Object(CakeRequest))
#2 /var/www/helpscout/app/webroot/index.php(108): Dispatcher->dispatch(Object(CakeRequest), Object(CakeResponse))
#3 {main}
2014-08-18 17:17:57 Error: [MissingActionException] Action UsersController::js() could not be found.
Exception Attributes: array (
  'controller' => 'UsersController',
  'action' => 'js',
)
Request URL: /helpscout/users/js/main.js
Stack Trace:
#0 /var/www/helpscout/lib/Cake/Routing/Dispatcher.php(191): Controller->invokeAction(Object(CakeRequest))
#1 /var/www/helpscout/lib/Cake/Routing/Dispatcher.php(165): Dispatcher->_invoke(Object(UsersController), Object(CakeRequest))
#2 /var/www/helpscout/app/webroot/index.php(108): Dispatcher->dispatch(Object(CakeRequest), Object(CakeResponse))
#3 {main}
2014-08-18 17:18:00 Error: [MissingActionException] Action UsersController::js() could not be found.
Exception Attributes: array (
  'controller' => 'UsersController',
  'action' => 'js',
)
Request URL: /helpscout/users/js/main.js
Stack Trace:
#0 /var/www/helpscout/lib/Cake/Routing/Dispatcher.php(191): Controller->invokeAction(Object(CakeRequest))
#1 /var/www/helpscout/lib/Cake/Routing/Dispatcher.php(165): Dispatcher->_invoke(Object(UsersController), Object(CakeRequest))
#2 /var/www/helpscout/app/webroot/index.php(108): Dispatcher->dispatch(Object(CakeRequest), Object(CakeResponse))
#3 {main}
2014-08-18 17:18:03 Error: [MissingActionException] Action UsersController::js() could not be found.
Exception Attributes: array (
  'controller' => 'UsersController',
  'action' => 'js',
)
Request URL: /helpscout/users/js/main.js
Stack Trace:
#0 /var/www/helpscout/lib/Cake/Routing/Dispatcher.php(191): Controller->invokeAction(Object(CakeRequest))
#1 /var/www/helpscout/lib/Cake/Routing/Dispatcher.php(165): Dispatcher->_invoke(Object(UsersController), Object(CakeRequest))
#2 /var/www/helpscout/app/webroot/index.php(108): Dispatcher->dispatch(Object(CakeRequest), Object(CakeResponse))
#3 {main}
2014-08-18 17:19:40 Error: [MissingActionException] Action UsersController::js() could not be found.
Exception Attributes: array (
  'controller' => 'UsersController',
  'action' => 'js',
)
Request URL: /helpscout/users/js/main.js
Stack Trace:
#0 /var/www/helpscout/lib/Cake/Routing/Dispatcher.php(191): Controller->invokeAction(Object(CakeRequest))
#1 /var/www/helpscout/lib/Cake/Routing/Dispatcher.php(165): Dispatcher->_invoke(Object(UsersController), Object(CakeRequest))
#2 /var/www/helpscout/app/webroot/index.php(108): Dispatcher->dispatch(Object(CakeRequest), Object(CakeResponse))
#3 {main}
2014-08-18 17:19:44 Error: [MissingActionException] Action UsersController::js() could not be found.
Exception Attributes: array (
  'controller' => 'UsersController',
  'action' => 'js',
)
Request URL: /helpscout/users/js/main.js
Stack Trace:
#0 /var/www/helpscout/lib/Cake/Routing/Dispatcher.php(191): Controller->invokeAction(Object(CakeRequest))
#1 /var/www/helpscout/lib/Cake/Routing/Dispatcher.php(165): Dispatcher->_invoke(Object(UsersController), Object(CakeRequest))
#2 /var/www/helpscout/app/webroot/index.php(108): Dispatcher->dispatch(Object(CakeRequest), Object(CakeResponse))
#3 {main}
2014-08-18 17:19:45 Error: [MissingActionException] Action UsersController::js() could not be found.
Exception Attributes: array (
  'controller' => 'UsersController',
  'action' => 'js',
)
Request URL: /helpscout/users/js/main.js
Stack Trace:
#0 /var/www/helpscout/lib/Cake/Routing/Dispatcher.php(191): Controller->invokeAction(Object(CakeRequest))
#1 /var/www/helpscout/lib/Cake/Routing/Dispatcher.php(165): Dispatcher->_invoke(Object(UsersController), Object(CakeRequest))
#2 /var/www/helpscout/app/webroot/index.php(108): Dispatcher->dispatch(Object(CakeRequest), Object(CakeResponse))
#3 {main}
2014-08-18 17:19:56 Error: [MissingActionException] Action UsersController::js() could not be found.
Exception Attributes: array (
  'controller' => 'UsersController',
  'action' => 'js',
)
Request URL: /helpscout/users/js/main.js
Stack Trace:
#0 /var/www/helpscout/lib/Cake/Routing/Dispatcher.php(191): Controller->invokeAction(Object(CakeRequest))
#1 /var/www/helpscout/lib/Cake/Routing/Dispatcher.php(165): Dispatcher->_invoke(Object(UsersController), Object(CakeRequest))
#2 /var/www/helpscout/app/webroot/index.php(108): Dispatcher->dispatch(Object(CakeRequest), Object(CakeResponse))
#3 {main}
2014-08-18 17:19:56 Error: [MissingActionException] Action UsersController::js() could not be found.
Exception Attributes: array (
  'controller' => 'UsersController',
  'action' => 'js',
)
Request URL: /helpscout/users/js/main.js
Stack Trace:
#0 /var/www/helpscout/lib/Cake/Routing/Dispatcher.php(191): Controller->invokeAction(Object(CakeRequest))
#1 /var/www/helpscout/lib/Cake/Routing/Dispatcher.php(165): Dispatcher->_invoke(Object(UsersController), Object(CakeRequest))
#2 /var/www/helpscout/app/webroot/index.php(108): Dispatcher->dispatch(Object(CakeRequest), Object(CakeResponse))
#3 {main}
2014-08-18 17:19:58 Error: [MissingActionException] Action UsersController::js() could not be found.
Exception Attributes: array (
  'controller' => 'UsersController',
  'action' => 'js',
)
Request URL: /helpscout/users/js/main.js
Stack Trace:
#0 /var/www/helpscout/lib/Cake/Routing/Dispatcher.php(191): Controller->invokeAction(Object(CakeRequest))
#1 /var/www/helpscout/lib/Cake/Routing/Dispatcher.php(165): Dispatcher->_invoke(Object(UsersController), Object(CakeRequest))
#2 /var/www/helpscout/app/webroot/index.php(108): Dispatcher->dispatch(Object(CakeRequest), Object(CakeResponse))
#3 {main}
2014-08-18 17:19:59 Error: [MissingActionException] Action UsersController::js() could not be found.
Exception Attributes: array (
  'controller' => 'UsersController',
  'action' => 'js',
)
Request URL: /helpscout/users/js/main.js
Stack Trace:
#0 /var/www/helpscout/lib/Cake/Routing/Dispatcher.php(191): Controller->invokeAction(Object(CakeRequest))
#1 /var/www/helpscout/lib/Cake/Routing/Dispatcher.php(165): Dispatcher->_invoke(Object(UsersController), Object(CakeRequest))
#2 /var/www/helpscout/app/webroot/index.php(108): Dispatcher->dispatch(Object(CakeRequest), Object(CakeResponse))
#3 {main}
2014-08-18 17:20:37 Error: [MissingActionException] Action UsersController::js() could not be found.
Exception Attributes: array (
  'controller' => 'UsersController',
  'action' => 'js',
)
Request URL: /helpscout/users/js/main.js
Stack Trace:
#0 /var/www/helpscout/lib/Cake/Routing/Dispatcher.php(191): Controller->invokeAction(Object(CakeRequest))
#1 /var/www/helpscout/lib/Cake/Routing/Dispatcher.php(165): Dispatcher->_invoke(Object(UsersController), Object(CakeRequest))
#2 /var/www/helpscout/app/webroot/index.php(108): Dispatcher->dispatch(Object(CakeRequest), Object(CakeResponse))
#3 {main}
2014-08-18 17:20:41 Error: [MissingActionException] Action UsersController::js() could not be found.
Exception Attributes: array (
  'controller' => 'UsersController',
  'action' => 'js',
)
Request URL: /helpscout/users/js/main.js
Stack Trace:
#0 /var/www/helpscout/lib/Cake/Routing/Dispatcher.php(191): Controller->invokeAction(Object(CakeRequest))
#1 /var/www/helpscout/lib/Cake/Routing/Dispatcher.php(165): Dispatcher->_invoke(Object(UsersController), Object(CakeRequest))
#2 /var/www/helpscout/app/webroot/index.php(108): Dispatcher->dispatch(Object(CakeRequest), Object(CakeResponse))
#3 {main}
2014-08-18 17:20:41 Error: [MissingActionException] Action UsersController::js() could not be found.
Exception Attributes: array (
  'controller' => 'UsersController',
  'action' => 'js',
)
Request URL: /helpscout/users/js/main.js
Stack Trace:
#0 /var/www/helpscout/lib/Cake/Routing/Dispatcher.php(191): Controller->invokeAction(Object(CakeRequest))
#1 /var/www/helpscout/lib/Cake/Routing/Dispatcher.php(165): Dispatcher->_invoke(Object(UsersController), Object(CakeRequest))
#2 /var/www/helpscout/app/webroot/index.php(108): Dispatcher->dispatch(Object(CakeRequest), Object(CakeResponse))
#3 {main}
2014-08-19 08:10:48 Error: [MissingActionException] Action UsersController::js() could not be found.
Exception Attributes: array (
  'controller' => 'UsersController',
  'action' => 'js',
)
Request URL: /helpscout/users/js/main.js
Stack Trace:
#0 /var/www/helpscout/lib/Cake/Routing/Dispatcher.php(191): Controller->invokeAction(Object(CakeRequest))
#1 /var/www/helpscout/lib/Cake/Routing/Dispatcher.php(165): Dispatcher->_invoke(Object(UsersController), Object(CakeRequest))
#2 /var/www/helpscout/app/webroot/index.php(108): Dispatcher->dispatch(Object(CakeRequest), Object(CakeResponse))
#3 {main}
2014-08-19 08:11:04 Error: [MissingActionException] Action ProfilesController::js() could not be found.
Exception Attributes: array (
  'controller' => 'ProfilesController',
  'action' => 'js',
)
Request URL: /helpscout/profiles/js/main.js
Stack Trace:
#0 /var/www/helpscout/lib/Cake/Routing/Dispatcher.php(191): Controller->invokeAction(Object(CakeRequest))
#1 /var/www/helpscout/lib/Cake/Routing/Dispatcher.php(165): Dispatcher->_invoke(Object(ProfilesController), Object(CakeRequest))
#2 /var/www/helpscout/app/webroot/index.php(108): Dispatcher->dispatch(Object(CakeRequest), Object(CakeResponse))
#3 {main}
2014-08-19 08:11:57 Error: [MissingActionException] Action ProfilesController::js() could not be found.
Exception Attributes: array (
  'controller' => 'ProfilesController',
  'action' => 'js',
)
Request URL: /helpscout/profiles/js/main.js
Stack Trace:
#0 /var/www/helpscout/lib/Cake/Routing/Dispatcher.php(191): Controller->invokeAction(Object(CakeRequest))
#1 /var/www/helpscout/lib/Cake/Routing/Dispatcher.php(165): Dispatcher->_invoke(Object(ProfilesController), Object(CakeRequest))
#2 /var/www/helpscout/app/webroot/index.php(108): Dispatcher->dispatch(Object(CakeRequest), Object(CakeResponse))
#3 {main}
2014-08-19 08:37:18 Error: [MissingActionException] Action UsersController::js() could not be found.
Exception Attributes: array (
  'controller' => 'UsersController',
  'action' => 'js',
)
Request URL: /helpscout/users/js/main.js
Stack Trace:
#0 /var/www/helpscout/lib/Cake/Routing/Dispatcher.php(191): Controller->invokeAction(Object(CakeRequest))
#1 /var/www/helpscout/lib/Cake/Routing/Dispatcher.php(165): Dispatcher->_invoke(Object(UsersController), Object(CakeRequest))
#2 /var/www/helpscout/app/webroot/index.php(108): Dispatcher->dispatch(Object(CakeRequest), Object(CakeResponse))
#3 {main}
2014-08-19 08:37:25 Error: [MissingActionException] Action UsersController::js() could not be found.
Exception Attributes: array (
  'controller' => 'UsersController',
  'action' => 'js',
)
Request URL: /helpscout/users/js/main.js
Stack Trace:
#0 /var/www/helpscout/lib/Cake/Routing/Dispatcher.php(191): Controller->invokeAction(Object(CakeRequest))
#1 /var/www/helpscout/lib/Cake/Routing/Dispatcher.php(165): Dispatcher->_invoke(Object(UsersController), Object(CakeRequest))
#2 /var/www/helpscout/app/webroot/index.php(108): Dispatcher->dispatch(Object(CakeRequest), Object(CakeResponse))
#3 {main}
2014-08-19 08:37:26 Error: [MissingActionException] Action UsersController::js() could not be found.
Exception Attributes: array (
  'controller' => 'UsersController',
  'action' => 'js',
)
Request URL: /helpscout/users/js/main.js
Stack Trace:
#0 /var/www/helpscout/lib/Cake/Routing/Dispatcher.php(191): Controller->invokeAction(Object(CakeRequest))
#1 /var/www/helpscout/lib/Cake/Routing/Dispatcher.php(165): Dispatcher->_invoke(Object(UsersController), Object(CakeRequest))
#2 /var/www/helpscout/app/webroot/index.php(108): Dispatcher->dispatch(Object(CakeRequest), Object(CakeResponse))
#3 {main}
2014-08-19 08:37:30 Error: [MissingActionException] Action UsersController::js() could not be found.
Exception Attributes: array (
  'controller' => 'UsersController',
  'action' => 'js',
)
Request URL: /helpscout/users/js/main.js
Stack Trace:
#0 /var/www/helpscout/lib/Cake/Routing/Dispatcher.php(191): Controller->invokeAction(Object(CakeRequest))
#1 /var/www/helpscout/lib/Cake/Routing/Dispatcher.php(165): Dispatcher->_invoke(Object(UsersController), Object(CakeRequest))
#2 /var/www/helpscout/app/webroot/index.php(108): Dispatcher->dispatch(Object(CakeRequest), Object(CakeResponse))
#3 {main}
2014-08-19 08:40:09 Error: [MissingActionException] Action UsersController::js() could not be found.
Exception Attributes: array (
  'controller' => 'UsersController',
  'action' => 'js',
)
Request URL: /helpscout/users/js/main.js
Stack Trace:
#0 /var/www/helpscout/lib/Cake/Routing/Dispatcher.php(191): Controller->invokeAction(Object(CakeRequest))
#1 /var/www/helpscout/lib/Cake/Routing/Dispatcher.php(165): Dispatcher->_invoke(Object(UsersController), Object(CakeRequest))
#2 /var/www/helpscout/app/webroot/index.php(108): Dispatcher->dispatch(Object(CakeRequest), Object(CakeResponse))
#3 {main}
2014-08-19 08:40:10 Error: [MissingActionException] Action UsersController::js() could not be found.
Exception Attributes: array (
  'controller' => 'UsersController',
  'action' => 'js',
)
Request URL: /helpscout/users/js/main.js
Stack Trace:
#0 /var/www/helpscout/lib/Cake/Routing/Dispatcher.php(191): Controller->invokeAction(Object(CakeRequest))
#1 /var/www/helpscout/lib/Cake/Routing/Dispatcher.php(165): Dispatcher->_invoke(Object(UsersController), Object(CakeRequest))
#2 /var/www/helpscout/app/webroot/index.php(108): Dispatcher->dispatch(Object(CakeRequest), Object(CakeResponse))
#3 {main}
2014-08-19 08:40:27 Error: [MissingActionException] Action UsersController::js() could not be found.
Exception Attributes: array (
  'controller' => 'UsersController',
  'action' => 'js',
)
Request URL: /helpscout/users/js/main.js
Stack Trace:
#0 /var/www/helpscout/lib/Cake/Routing/Dispatcher.php(191): Controller->invokeAction(Object(CakeRequest))
#1 /var/www/helpscout/lib/Cake/Routing/Dispatcher.php(165): Dispatcher->_invoke(Object(UsersController), Object(CakeRequest))
#2 /var/www/helpscout/app/webroot/index.php(108): Dispatcher->dispatch(Object(CakeRequest), Object(CakeResponse))
#3 {main}
2014-08-19 08:43:11 Error: [MissingActionException] Action UsersController::js() could not be found.
Exception Attributes: array (
  'controller' => 'UsersController',
  'action' => 'js',
)
Request URL: /helpscout/users/js/main.js
Stack Trace:
#0 /var/www/helpscout/lib/Cake/Routing/Dispatcher.php(191): Controller->invokeAction(Object(CakeRequest))
#1 /var/www/helpscout/lib/Cake/Routing/Dispatcher.php(165): Dispatcher->_invoke(Object(UsersController), Object(CakeRequest))
#2 /var/www/helpscout/app/webroot/index.php(108): Dispatcher->dispatch(Object(CakeRequest), Object(CakeResponse))
#3 {main}
2014-08-19 08:43:13 Error: [MissingActionException] Action UsersController::js() could not be found.
Exception Attributes: array (
  'controller' => 'UsersController',
  'action' => 'js',
)
Request URL: /helpscout/users/js/main.js
Stack Trace:
#0 /var/www/helpscout/lib/Cake/Routing/Dispatcher.php(191): Controller->invokeAction(Object(CakeRequest))
#1 /var/www/helpscout/lib/Cake/Routing/Dispatcher.php(165): Dispatcher->_invoke(Object(UsersController), Object(CakeRequest))
#2 /var/www/helpscout/app/webroot/index.php(108): Dispatcher->dispatch(Object(CakeRequest), Object(CakeResponse))
#3 {main}
2014-08-19 08:45:26 Error: [MissingActionException] Action UsersController::js() could not be found.
Exception Attributes: array (
  'controller' => 'UsersController',
  'action' => 'js',
)
Request URL: /helpscout/users/js/main.js
Stack Trace:
#0 /var/www/helpscout/lib/Cake/Routing/Dispatcher.php(191): Controller->invokeAction(Object(CakeRequest))
#1 /var/www/helpscout/lib/Cake/Routing/Dispatcher.php(165): Dispatcher->_invoke(Object(UsersController), Object(CakeRequest))
#2 /var/www/helpscout/app/webroot/index.php(108): Dispatcher->dispatch(Object(CakeRequest), Object(CakeResponse))
#3 {main}
2014-08-19 08:45:52 Error: [MissingActionException] Action UsersController::js() could not be found.
Exception Attributes: array (
  'controller' => 'UsersController',
  'action' => 'js',
)
Request URL: /helpscout/users/js/main.js
Stack Trace:
#0 /var/www/helpscout/lib/Cake/Routing/Dispatcher.php(191): Controller->invokeAction(Object(CakeRequest))
#1 /var/www/helpscout/lib/Cake/Routing/Dispatcher.php(165): Dispatcher->_invoke(Object(UsersController), Object(CakeRequest))
#2 /var/www/helpscout/app/webroot/index.php(108): Dispatcher->dispatch(Object(CakeRequest), Object(CakeResponse))
#3 {main}
2014-08-19 08:45:53 Error: [MissingActionException] Action UsersController::js() could not be found.
Exception Attributes: array (
  'controller' => 'UsersController',
  'action' => 'js',
)
Request URL: /helpscout/users/js/main.js
Stack Trace:
#0 /var/www/helpscout/lib/Cake/Routing/Dispatcher.php(191): Controller->invokeAction(Object(CakeRequest))
#1 /var/www/helpscout/lib/Cake/Routing/Dispatcher.php(165): Dispatcher->_invoke(Object(UsersController), Object(CakeRequest))
#2 /var/www/helpscout/app/webroot/index.php(108): Dispatcher->dispatch(Object(CakeRequest), Object(CakeResponse))
#3 {main}
2014-08-19 08:45:54 Error: [MissingActionException] Action UsersController::js() could not be found.
Exception Attributes: array (
  'controller' => 'UsersController',
  'action' => 'js',
)
Request URL: /helpscout/users/js/main.js
Stack Trace:
#0 /var/www/helpscout/lib/Cake/Routing/Dispatcher.php(191): Controller->invokeAction(Object(CakeRequest))
#1 /var/www/helpscout/lib/Cake/Routing/Dispatcher.php(165): Dispatcher->_invoke(Object(UsersController), Object(CakeRequest))
#2 /var/www/helpscout/app/webroot/index.php(108): Dispatcher->dispatch(Object(CakeRequest), Object(CakeResponse))
#3 {main}
2014-08-19 08:46:11 Error: [MissingActionException] Action UsersController::js() could not be found.
Exception Attributes: array (
  'controller' => 'UsersController',
  'action' => 'js',
)
Request URL: /helpscout/users/js/main.js
Stack Trace:
#0 /var/www/helpscout/lib/Cake/Routing/Dispatcher.php(191): Controller->invokeAction(Object(CakeRequest))
#1 /var/www/helpscout/lib/Cake/Routing/Dispatcher.php(165): Dispatcher->_invoke(Object(UsersController), Object(CakeRequest))
#2 /var/www/helpscout/app/webroot/index.php(108): Dispatcher->dispatch(Object(CakeRequest), Object(CakeResponse))
#3 {main}
2014-08-19 08:46:20 Error: [MissingActionException] Action UsersController::js() could not be found.
Exception Attributes: array (
  'controller' => 'UsersController',
  'action' => 'js',
)
Request URL: /helpscout/users/js/main.js
Stack Trace:
#0 /var/www/helpscout/lib/Cake/Routing/Dispatcher.php(191): Controller->invokeAction(Object(CakeRequest))
#1 /var/www/helpscout/lib/Cake/Routing/Dispatcher.php(165): Dispatcher->_invoke(Object(UsersController), Object(CakeRequest))
#2 /var/www/helpscout/app/webroot/index.php(108): Dispatcher->dispatch(Object(CakeRequest), Object(CakeResponse))
#3 {main}
2014-08-19 08:46:23 Error: [MissingActionException] Action UsersController::js() could not be found.
Exception Attributes: array (
  'controller' => 'UsersController',
  'action' => 'js',
)
Request URL: /helpscout/users/js/main.js
Stack Trace:
#0 /var/www/helpscout/lib/Cake/Routing/Dispatcher.php(191): Controller->invokeAction(Object(CakeRequest))
#1 /var/www/helpscout/lib/Cake/Routing/Dispatcher.php(165): Dispatcher->_invoke(Object(UsersController), Object(CakeRequest))
#2 /var/www/helpscout/app/webroot/index.php(108): Dispatcher->dispatch(Object(CakeRequest), Object(CakeResponse))
#3 {main}
2014-08-19 08:46:32 Error: [MissingActionException] Action ProfilesController::js() could not be found.
Exception Attributes: array (
  'controller' => 'ProfilesController',
  'action' => 'js',
)
Request URL: /helpscout/profiles/js/main.js
Stack Trace:
#0 /var/www/helpscout/lib/Cake/Routing/Dispatcher.php(191): Controller->invokeAction(Object(CakeRequest))
#1 /var/www/helpscout/lib/Cake/Routing/Dispatcher.php(165): Dispatcher->_invoke(Object(ProfilesController), Object(CakeRequest))
#2 /var/www/helpscout/app/webroot/index.php(108): Dispatcher->dispatch(Object(CakeRequest), Object(CakeResponse))
#3 {main}
2014-08-19 08:46:33 Error: [MissingActionException] Action UsersController::js() could not be found.
Exception Attributes: array (
  'controller' => 'UsersController',
  'action' => 'js',
)
Request URL: /helpscout/users/js/main.js
Stack Trace:
#0 /var/www/helpscout/lib/Cake/Routing/Dispatcher.php(191): Controller->invokeAction(Object(CakeRequest))
#1 /var/www/helpscout/lib/Cake/Routing/Dispatcher.php(165): Dispatcher->_invoke(Object(UsersController), Object(CakeRequest))
#2 /var/www/helpscout/app/webroot/index.php(108): Dispatcher->dispatch(Object(CakeRequest), Object(CakeResponse))
#3 {main}
2014-08-19 08:46:38 Error: [MissingActionException] Action ProfilesController::js() could not be found.
Exception Attributes: array (
  'controller' => 'ProfilesController',
  'action' => 'js',
)
Request URL: /helpscout/profiles/js/main.js
Stack Trace:
#0 /var/www/helpscout/lib/Cake/Routing/Dispatcher.php(191): Controller->invokeAction(Object(CakeRequest))
#1 /var/www/helpscout/lib/Cake/Routing/Dispatcher.php(165): Dispatcher->_invoke(Object(ProfilesController), Object(CakeRequest))
#2 /var/www/helpscout/app/webroot/index.php(108): Dispatcher->dispatch(Object(CakeRequest), Object(CakeResponse))
#3 {main}
2014-08-19 08:48:09 Error: [MissingActionException] Action UsersController::js() could not be found.
Exception Attributes: array (
  'controller' => 'UsersController',
  'action' => 'js',
)
Request URL: /helpscout/users/js/main.js
Stack Trace:
#0 /var/www/helpscout/lib/Cake/Routing/Dispatcher.php(191): Controller->invokeAction(Object(CakeRequest))
#1 /var/www/helpscout/lib/Cake/Routing/Dispatcher.php(165): Dispatcher->_invoke(Object(UsersController), Object(CakeRequest))
#2 /var/www/helpscout/app/webroot/index.php(108): Dispatcher->dispatch(Object(CakeRequest), Object(CakeResponse))
#3 {main}
2014-08-19 08:48:44 Error: [MissingActionException] Action UsersController::js() could not be found.
Exception Attributes: array (
  'controller' => 'UsersController',
  'action' => 'js',
)
Request URL: /helpscout/users/js/main.js
Stack Trace:
#0 /var/www/helpscout/lib/Cake/Routing/Dispatcher.php(191): Controller->invokeAction(Object(CakeRequest))
#1 /var/www/helpscout/lib/Cake/Routing/Dispatcher.php(165): Dispatcher->_invoke(Object(UsersController), Object(CakeRequest))
#2 /var/www/helpscout/app/webroot/index.php(108): Dispatcher->dispatch(Object(CakeRequest), Object(CakeResponse))
#3 {main}
2014-08-19 08:48:44 Error: [MissingActionException] Action UsersController::js() could not be found.
Exception Attributes: array (
  'controller' => 'UsersController',
  'action' => 'js',
)
Request URL: /helpscout/users/js/main.js
Stack Trace:
#0 /var/www/helpscout/lib/Cake/Routing/Dispatcher.php(191): Controller->invokeAction(Object(CakeRequest))
#1 /var/www/helpscout/lib/Cake/Routing/Dispatcher.php(165): Dispatcher->_invoke(Object(UsersController), Object(CakeRequest))
#2 /var/www/helpscout/app/webroot/index.php(108): Dispatcher->dispatch(Object(CakeRequest), Object(CakeResponse))
#3 {main}
2014-08-19 08:48:44 Error: [MissingActionException] Action UsersController::js() could not be found.
Exception Attributes: array (
  'controller' => 'UsersController',
  'action' => 'js',
)
Request URL: /helpscout/users/js/main.js
Stack Trace:
#0 /var/www/helpscout/lib/Cake/Routing/Dispatcher.php(191): Controller->invokeAction(Object(CakeRequest))
#1 /var/www/helpscout/lib/Cake/Routing/Dispatcher.php(165): Dispatcher->_invoke(Object(UsersController), Object(CakeRequest))
#2 /var/www/helpscout/app/webroot/index.php(108): Dispatcher->dispatch(Object(CakeRequest), Object(CakeResponse))
#3 {main}
2014-08-19 08:48:45 Error: [MissingActionException] Action UsersController::js() could not be found.
Exception Attributes: array (
  'controller' => 'UsersController',
  'action' => 'js',
)
Request URL: /helpscout/users/js/main.js
Stack Trace:
#0 /var/www/helpscout/lib/Cake/Routing/Dispatcher.php(191): Controller->invokeAction(Object(CakeRequest))
#1 /var/www/helpscout/lib/Cake/Routing/Dispatcher.php(165): Dispatcher->_invoke(Object(UsersController), Object(CakeRequest))
#2 /var/www/helpscout/app/webroot/index.php(108): Dispatcher->dispatch(Object(CakeRequest), Object(CakeResponse))
#3 {main}
2014-08-19 08:48:56 Error: [MissingActionException] Action UsersController::js() could not be found.
Exception Attributes: array (
  'controller' => 'UsersController',
  'action' => 'js',
)
Request URL: /helpscout/users/js/main.js
Stack Trace:
#0 /var/www/helpscout/lib/Cake/Routing/Dispatcher.php(191): Controller->invokeAction(Object(CakeRequest))
#1 /var/www/helpscout/lib/Cake/Routing/Dispatcher.php(165): Dispatcher->_invoke(Object(UsersController), Object(CakeRequest))
#2 /var/www/helpscout/app/webroot/index.php(108): Dispatcher->dispatch(Object(CakeRequest), Object(CakeResponse))
#3 {main}
2014-08-19 08:49:37 Error: [MissingActionException] Action UsersController::js() could not be found.
Exception Attributes: array (
  'controller' => 'UsersController',
  'action' => 'js',
)
Request URL: /helpscout/users/js/main.js
Stack Trace:
#0 /var/www/helpscout/lib/Cake/Routing/Dispatcher.php(191): Controller->invokeAction(Object(CakeRequest))
#1 /var/www/helpscout/lib/Cake/Routing/Dispatcher.php(165): Dispatcher->_invoke(Object(UsersController), Object(CakeRequest))
#2 /var/www/helpscout/app/webroot/index.php(108): Dispatcher->dispatch(Object(CakeRequest), Object(CakeResponse))
#3 {main}
2014-08-19 08:53:18 Error: [MissingActionException] Action UsersController::js() could not be found.
Exception Attributes: array (
  'controller' => 'UsersController',
  'action' => 'js',
)
Request URL: /helpscout/users/js/main.js
Stack Trace:
#0 /var/www/helpscout/lib/Cake/Routing/Dispatcher.php(191): Controller->invokeAction(Object(CakeRequest))
#1 /var/www/helpscout/lib/Cake/Routing/Dispatcher.php(165): Dispatcher->_invoke(Object(UsersController), Object(CakeRequest))
#2 /var/www/helpscout/app/webroot/index.php(108): Dispatcher->dispatch(Object(CakeRequest), Object(CakeResponse))
#3 {main}
2014-08-19 08:54:50 Error: [MissingActionException] Action UsersController::js() could not be found.
Exception Attributes: array (
  'controller' => 'UsersController',
  'action' => 'js',
)
Request URL: /helpscout/users/js/main.js
Stack Trace:
#0 /var/www/helpscout/lib/Cake/Routing/Dispatcher.php(191): Controller->invokeAction(Object(CakeRequest))
#1 /var/www/helpscout/lib/Cake/Routing/Dispatcher.php(165): Dispatcher->_invoke(Object(UsersController), Object(CakeRequest))
#2 /var/www/helpscout/app/webroot/index.php(108): Dispatcher->dispatch(Object(CakeRequest), Object(CakeResponse))
#3 {main}
2014-08-19 08:54:58 Error: [MissingActionException] Action UsersController::js() could not be found.
Exception Attributes: array (
  'controller' => 'UsersController',
  'action' => 'js',
)
Request URL: /helpscout/users/js/main.js
Stack Trace:
#0 /var/www/helpscout/lib/Cake/Routing/Dispatcher.php(191): Controller->invokeAction(Object(CakeRequest))
#1 /var/www/helpscout/lib/Cake/Routing/Dispatcher.php(165): Dispatcher->_invoke(Object(UsersController), Object(CakeRequest))
#2 /var/www/helpscout/app/webroot/index.php(108): Dispatcher->dispatch(Object(CakeRequest), Object(CakeResponse))
#3 {main}
2014-08-19 08:55:00 Error: [MissingActionException] Action UsersController::js() could not be found.
Exception Attributes: array (
  'controller' => 'UsersController',
  'action' => 'js',
)
Request URL: /helpscout/users/js/main.js
Stack Trace:
#0 /var/www/helpscout/lib/Cake/Routing/Dispatcher.php(191): Controller->invokeAction(Object(CakeRequest))
#1 /var/www/helpscout/lib/Cake/Routing/Dispatcher.php(165): Dispatcher->_invoke(Object(UsersController), Object(CakeRequest))
#2 /var/www/helpscout/app/webroot/index.php(108): Dispatcher->dispatch(Object(CakeRequest), Object(CakeResponse))
#3 {main}
2014-08-19 08:55:01 Error: [MissingActionException] Action UsersController::js() could not be found.
Exception Attributes: array (
  'controller' => 'UsersController',
  'action' => 'js',
)
Request URL: /helpscout/users/js/main.js
Stack Trace:
#0 /var/www/helpscout/lib/Cake/Routing/Dispatcher.php(191): Controller->invokeAction(Object(CakeRequest))
#1 /var/www/helpscout/lib/Cake/Routing/Dispatcher.php(165): Dispatcher->_invoke(Object(UsersController), Object(CakeRequest))
#2 /var/www/helpscout/app/webroot/index.php(108): Dispatcher->dispatch(Object(CakeRequest), Object(CakeResponse))
#3 {main}
2014-08-19 08:55:06 Error: [MissingActionException] Action UsersController::js() could not be found.
Exception Attributes: array (
  'controller' => 'UsersController',
  'action' => 'js',
)
Request URL: /helpscout/users/js/main.js
Stack Trace:
#0 /var/www/helpscout/lib/Cake/Routing/Dispatcher.php(191): Controller->invokeAction(Object(CakeRequest))
#1 /var/www/helpscout/lib/Cake/Routing/Dispatcher.php(165): Dispatcher->_invoke(Object(UsersController), Object(CakeRequest))
#2 /var/www/helpscout/app/webroot/index.php(108): Dispatcher->dispatch(Object(CakeRequest), Object(CakeResponse))
#3 {main}
2014-08-19 08:55:48 Error: [MissingActionException] Action UsersController::js() could not be found.
Exception Attributes: array (
  'controller' => 'UsersController',
  'action' => 'js',
)
Request URL: /helpscout/users/js/main.js
Stack Trace:
#0 /var/www/helpscout/lib/Cake/Routing/Dispatcher.php(191): Controller->invokeAction(Object(CakeRequest))
#1 /var/www/helpscout/lib/Cake/Routing/Dispatcher.php(165): Dispatcher->_invoke(Object(UsersController), Object(CakeRequest))
#2 /var/www/helpscout/app/webroot/index.php(108): Dispatcher->dispatch(Object(CakeRequest), Object(CakeResponse))
#3 {main}
2014-08-19 08:55:52 Error: [MissingActionException] Action UsersController::js() could not be found.
Exception Attributes: array (
  'controller' => 'UsersController',
  'action' => 'js',
)
Request URL: /helpscout/users/js/main.js
Stack Trace:
#0 /var/www/helpscout/lib/Cake/Routing/Dispatcher.php(191): Controller->invokeAction(Object(CakeRequest))
#1 /var/www/helpscout/lib/Cake/Routing/Dispatcher.php(165): Dispatcher->_invoke(Object(UsersController), Object(CakeRequest))
#2 /var/www/helpscout/app/webroot/index.php(108): Dispatcher->dispatch(Object(CakeRequest), Object(CakeResponse))
#3 {main}
2014-08-19 08:56:01 Error: [MissingActionException] Action UsersController::js() could not be found.
Exception Attributes: array (
  'controller' => 'UsersController',
  'action' => 'js',
)
Request URL: /helpscout/users/js/main.js
Stack Trace:
#0 /var/www/helpscout/lib/Cake/Routing/Dispatcher.php(191): Controller->invokeAction(Object(CakeRequest))
#1 /var/www/helpscout/lib/Cake/Routing/Dispatcher.php(165): Dispatcher->_invoke(Object(UsersController), Object(CakeRequest))
#2 /var/www/helpscout/app/webroot/index.php(108): Dispatcher->dispatch(Object(CakeRequest), Object(CakeResponse))
#3 {main}
